Log file open, 06/08/17 23:59:34
LogInit:Display: Running engine for game: football
LogPlatformFile: Not using cached read wrapper
LogInit:Display: RandInit(57950011) SRandInit(57950011).
LogTaskGraph: Started task graph with 5 named threads and 8 total threads with 1 sets of task threads.
LogStats: Stats thread started at 0.073197
LogPluginManager: Loaded Plugin Paper2D, From C:/Program Files (x86)/Epic Games/4.13/Engine/Plugins/2D/Paper2D/Paper2D.uplugin
LogPluginManager: Loaded Plugin LightPropagationVolume, From C:/Program Files (x86)/Epic Games/4.13/Engine/Plugins/Blendables/LightPropagationVolume/LightPropagationVolume.uplugin
LogPluginManager: Loaded Plugin BlankPlugin, From C:/Program Files (x86)/Epic Games/4.13/Engine/Plugins/Developer/BlankPlugin/BlankPlugin.uplugin
LogPluginManager: Loaded Plugin CodeLiteSourceCodeAccess, From C:/Program Files (x86)/Epic Games/4.13/Engine/Plugins/Developer/CodeLiteSourceCodeAccess/CodeLiteSourceCodeAccess.uplugin
LogPluginManager: Loaded Plugin GitSourceControl, From C:/Program Files (x86)/Epic Games/4.13/Engine/Plugins/Developer/GitSourceControl/GitSourceControl.uplugin
LogPluginManager: Loaded Plugin KDevelopSourceCodeAccess, From C:/Program Files (x86)/Epic Games/4.13/Engine/Plugins/Developer/KDevelopSourceCodeAccess/KDevelopSourceCodeAccess.uplugin
LogPluginManager: Loaded Plugin NullSourceCodeAccess, From C:/Program Files (x86)/Epic Games/4.13/Engine/Plugins/Developer/NullSourceCodeAccess/NullSourceCodeAccess.uplugin
LogPluginManager: Loaded Plugin OneSkyLocalizationService, From C:/Program Files (x86)/Epic Games/4.13/Engine/Plugins/Developer/OneSkyLocalizationService/OneSkyLocalizationService.uplugin
LogPluginManager: Loaded Plugin PerforceSourceControl, From C:/Program Files (x86)/Epic Games/4.13/Engine/Plugins/Developer/PerforceSourceControl/PerforceSourceControl.uplugin
LogPluginManager: Loaded Plugin SubversionSourceControl, From C:/Program Files (x86)/Epic Games/4.13/Engine/Plugins/Developer/SubversionSourceControl/SubversionSourceControl.uplugin
LogPluginManager: Loaded Plugin UObjectPlugin, From C:/Program Files (x86)/Epic Games/4.13/Engine/Plugins/Developer/UObjectPlugin/UObjectPlugin.uplugin
LogPluginManager: Loaded Plugin VisualStudioSourceCodeAccess, From C:/Program Files (x86)/Epic Games/4.13/Engine/Plugins/Developer/VisualStudioSourceCodeAccess/VisualStudioSourceCodeAccess.uplugin
LogPluginManager: Loaded Plugin XCodeSourceCodeAccess, From C:/Program Files (x86)/Epic Games/4.13/Engine/Plugins/Developer/XCodeSourceCodeAccess/XCodeSourceCodeAccess.uplugin
LogPluginManager: Loaded Plugin EpicSurvey, From C:/Program Files (x86)/Epic Games/4.13/Engine/Plugins/Editor/EpicSurvey/EpicSurvey.uplugin
LogPluginManager: Loaded Plugin MacGraphicsSwitching, From C:/Program Files (x86)/Epic Games/4.13/Engine/Plugins/Editor/MacGraphicsSwitching/MacGraphicsSwitching.uplugin
LogPluginManager: Loaded Plugin MobileLauncherProfileWizard, From C:/Program Files (x86)/Epic Games/4.13/Engine/Plugins/Editor/MobileLauncherProfileWizard/MobileLauncherProfileWizard.uplugin
LogPluginManager: Loaded Plugin PluginBrowser, From C:/Program Files (x86)/Epic Games/4.13/Engine/Plugins/Editor/PluginBrowser/PluginBrowser.uplugin
LogPluginManager: Loaded Plugin SpeedTreeImporter, From C:/Program Files (x86)/Epic Games/4.13/Engine/Plugins/Editor/SpeedTreeImporter/SpeedTreeImporter.uplugin
LogPluginManager: Loaded Plugin SuperSearchEditor, From C:/Program Files (x86)/Epic Games/4.13/Engine/Plugins/Editor/SuperSearchEditor/SuperSearchEditor.uplugin
LogPluginManager: Loaded Plugin AlembicImporter, From C:/Program Files (x86)/Epic Games/4.13/Engine/Plugins/Experimental/AlembicImporter/AlembicImporter.uplugin
LogPluginManager: Loaded Plugin BlueprintStats, From C:/Program Files (x86)/Epic Games/4.13/Engine/Plugins/Experimental/BlueprintStats/BlueprintStats.uplugin
LogPluginManager: Loaded Plugin CharacterAI, From C:/Program Files (x86)/Epic Games/4.13/Engine/Plugins/Experimental/CharacterAI/CharacterAI.uplugin
LogPluginManager: Loaded Plugin CodeEditor, From C:/Program Files (x86)/Epic Games/4.13/Engine/Plugins/Experimental/CodeEditor/CodeEditor.uplugin
LogPluginManager: Loaded Plugin CodeView, From C:/Program Files (x86)/Epic Games/4.13/Engine/Plugins/Experimental/CodeView/CodeView.uplugin
LogPluginManager: Loaded Plugin HTML5Networking, From C:/Program Files (x86)/Epic Games/4.13/Engine/Plugins/Experimental/HTML5Networking/HTML5Networking.uplugin
LogPluginManager: Loaded Plugin LiveEditor, From C:/Program Files (x86)/Epic Games/4.13/Engine/Plugins/Experimental/LiveEditor/LiveEditor.uplugin
LogPluginManager: Loaded Plugin OSVR, From C:/Program Files (x86)/Epic Games/4.13/Engine/Plugins/Experimental/OSVR/OSVR.uplugin
LogPluginManager: Loaded Plugin Phya, From C:/Program Files (x86)/Epic Games/4.13/Engine/Plugins/Experimental/Phya/Phya.uplugin
LogPluginManager: Loaded Plugin SignificanceManager, From C:/Program Files (x86)/Epic Games/4.13/Engine/Plugins/Experimental/SignificanceManager/SignificanceManager.uplugin
LogPluginManager: Loaded Plugin SimpleHMD, From C:/Program Files (x86)/Epic Games/4.13/Engine/Plugins/Experimental/SimpleHMD/SimpleHMD.uplugin
LogPluginManager: Loaded Plugin StereoPanorama, From C:/Program Files (x86)/Epic Games/4.13/Engine/Plugins/Experimental/StereoPanorama/StereoPanorama.uplugin
LogPluginManager: Loaded Plugin StructBox, From C:/Program Files (x86)/Epic Games/4.13/Engine/Plugins/Experimental/StructBox/StructBox.uplugin
LogPluginManager: Loaded Plugin AndroidMedia, From C:/Program Files (x86)/Epic Games/4.13/Engine/Plugins/Media/AndroidMedia/AndroidMedia.uplugin
LogPluginManager: Loaded Plugin AvfMedia, From C:/Program Files (x86)/Epic Games/4.13/Engine/Plugins/Media/AvfMedia/AvfMedia.uplugin
LogPluginManager: Loaded Plugin MediaPlayerEditor, From C:/Program Files (x86)/Epic Games/4.13/Engine/Plugins/Media/MediaPlayerEditor/MediaPlayerEditor.uplugin
LogPluginManager: Loaded Plugin WmfMedia, From C:/Program Files (x86)/Epic Games/4.13/Engine/Plugins/Media/WmfMedia/WmfMedia.uplugin
LogPluginManager: Loaded Plugin MessagingDebugger, From C:/Program Files (x86)/Epic Games/4.13/Engine/Plugins/Messaging/MessagingDebugger/MessagingDebugger.uplugin
LogPluginManager: Loaded Plugin TcpMessaging, From C:/Program Files (x86)/Epic Games/4.13/Engine/Plugins/Messaging/TcpMessaging/TcpMessaging.uplugin
LogPluginManager: Loaded Plugin UdpMessaging, From C:/Program Files (x86)/Epic Games/4.13/Engine/Plugins/Messaging/UdpMessaging/UdpMessaging.uplugin
LogPluginManager: Loaded Plugin LevelSequenceEditor, From C:/Program Files (x86)/Epic Games/4.13/Engine/Plugins/MovieScene/LevelSequenceEditor/LevelSequenceEditor.uplugin
LogPluginManager: Loaded Plugin MatineeToLevelSequence, From C:/Program Files (x86)/Epic Games/4.13/Engine/Plugins/MovieScene/MatineeToLevelSequence/MatineeToLevelSequence.uplugin
LogPluginManager: Loaded Plugin NetcodeUnitTest, From C:/Program Files (x86)/Epic Games/4.13/Engine/Plugins/NetcodeUnitTest/NetcodeUnitTest/NetcodeUnitTest.uplugin
LogPluginManager: Loaded Plugin NUTUnrealEngine4, From C:/Program Files (x86)/Epic Games/4.13/Engine/Plugins/NetcodeUnitTest/NUTUnrealEngine4/NUTUnrealEngine4.uplugin
LogPluginManager: Loaded Plugin OnlineSubsystemGooglePlay, From C:/Program Files (x86)/Epic Games/4.13/Engine/Plugins/Online/Android/OnlineSubsystemGooglePlay/OnlineSubsystemGooglePlay.uplugin
LogPluginManager: Loaded Plugin OnlineSubsystemIOS, From C:/Program Files (x86)/Epic Games/4.13/Engine/Plugins/Online/IOS/OnlineSubsystemIOS/OnlineSubsystemIOS.uplugin
LogPluginManager: Loaded Plugin OnlineFramework, From C:/Program Files (x86)/Epic Games/4.13/Engine/Plugins/Online/OnlineFramework/OnlineFramework.uplugin
LogPluginManager: Loaded Plugin OnlineSubsystem, From C:/Program Files (x86)/Epic Games/4.13/Engine/Plugins/Online/OnlineSubsystem/OnlineSubsystem.uplugin
LogPluginManager: Loaded Plugin OnlineSubsystemAmazon, From C:/Program Files (x86)/Epic Games/4.13/Engine/Plugins/Online/OnlineSubsystemAmazon/OnlineSubsystemAmazon.uplugin
LogPluginManager: Loaded Plugin OnlineSubsystemFacebook, From C:/Program Files (x86)/Epic Games/4.13/Engine/Plugins/Online/OnlineSubsystemFacebook/OnlineSubsystemFacebook.uplugin
LogPluginManager: Loaded Plugin OnlineSubsystemNull, From C:/Program Files (x86)/Epic Games/4.13/Engine/Plugins/Online/OnlineSubsystemNull/OnlineSubsystemNull.uplugin
LogPluginManager: Loaded Plugin OnlineSubsystemOculus, From C:/Program Files (x86)/Epic Games/4.13/Engine/Plugins/Online/OnlineSubsystemOculus/OnlineSubsystemOculus.uplugin
LogPluginManager: Loaded Plugin OnlineSubsystemSteam, From C:/Program Files (x86)/Epic Games/4.13/Engine/Plugins/Online/OnlineSubsystemSteam/OnlineSubsystemSteam.uplugin
LogPluginManager: Loaded Plugin OnlineSubsystemUtils, From C:/Program Files (x86)/Epic Games/4.13/Engine/Plugins/Online/OnlineSubsystemUtils/OnlineSubsystemUtils.uplugin
LogPluginManager: Loaded Plugin IOSTapJoy, From C:/Program Files (x86)/Epic Games/4.13/Engine/Plugins/Runtime/Advertising/IOSTapJoy/IOSTapJoy.uplugin
LogPluginManager: Loaded Plugin AnalyticsBlueprintLibrary, From C:/Program Files (x86)/Epic Games/4.13/Engine/Plugins/Runtime/Analytics/AnalyticsBlueprintLibrary/AnalyticsBlueprintLibrary.uplugin
LogPluginManager: Loaded Plugin AnalyticsMulticast, From C:/Program Files (x86)/Epic Games/4.13/Engine/Plugins/Runtime/Analytics/AnalyticsMulticast/AnalyticsMulticast.uplugin
LogPluginManager: Loaded Plugin Apsalar, From C:/Program Files (x86)/Epic Games/4.13/Engine/Plugins/Runtime/Analytics/Apsalar/Apsalar.uplugin
LogPluginManager: Loaded Plugin FileLogging, From C:/Program Files (x86)/Epic Games/4.13/Engine/Plugins/Runtime/Analytics/FileLogging/FileLogging.uplugin
LogPluginManager: Loaded Plugin Flurry, From C:/Program Files (x86)/Epic Games/4.13/Engine/Plugins/Runtime/Analytics/Flurry/Flurry.uplugin
LogPluginManager: Loaded Plugin AndroidDeviceProfileSelector, From C:/Program Files (x86)/Epic Games/4.13/Engine/Plugins/Runtime/AndroidDeviceProfileSelector/AndroidDeviceProfileSelector.uplugin
LogPluginManager: Loaded Plugin AndroidMoviePlayer, From C:/Program Files (x86)/Epic Games/4.13/Engine/Plugins/Runtime/AndroidMoviePlayer/AndroidMoviePlayer.uplugin
LogPluginManager: Loaded Plugin AppleMoviePlayer, From C:/Program Files (x86)/Epic Games/4.13/Engine/Plugins/Runtime/AppleMoviePlayer/AppleMoviePlayer.uplugin
LogPluginManager: Loaded Plugin ArchVisCharacter, From C:/Program Files (x86)/Epic Games/4.13/Engine/Plugins/Runtime/ArchVisCharacter/ArchVisCharacter.uplugin
LogPluginManager: Loaded Plugin CableComponent, From C:/Program Files (x86)/Epic Games/4.13/Engine/Plugins/Runtime/CableComponent/CableComponent.uplugin
LogPluginManager: Loaded Plugin CustomMeshComponent, From C:/Program Files (x86)/Epic Games/4.13/Engine/Plugins/Runtime/CustomMeshComponent/CustomMeshComponent.uplugin
LogPluginManager: Loaded Plugin ExampleDeviceProfileSelector, From C:/Program Files (x86)/Epic Games/4.13/Engine/Plugins/Runtime/ExampleDeviceProfileSelector/ExampleDeviceProfileSelector.uplugin
LogPluginManager: Loaded Plugin GearVR, From C:/Program Files (x86)/Epic Games/4.13/Engine/Plugins/Runtime/GearVR/GearVR.uplugin
LogPluginManager: Loaded Plugin GoogleVRController, From C:/Program Files (x86)/Epic Games/4.13/Engine/Plugins/Runtime/GoogleVR/GoogleVRController/GoogleVRController.uplugin
LogPluginManager: Loaded Plugin GoogleVRHMD, From C:/Program Files (x86)/Epic Games/4.13/Engine/Plugins/Runtime/GoogleVR/GoogleVRHMD/GoogleVRHMD.uplugin
LogPluginManager: Loaded Plugin IOSDeviceProfileSelector, From C:/Program Files (x86)/Epic Games/4.13/Engine/Plugins/Runtime/IOSDeviceProfileSelector/IOSDeviceProfileSelector.uplugin
LogPluginManager: Loaded Plugin LeapMotion, From C:/Program Files (x86)/Epic Games/4.13/Engine/Plugins/Runtime/LeapMotion/LeapMotion.uplugin
LogPluginManager: Loaded Plugin LinuxDeviceProfileSelector, From C:/Program Files (x86)/Epic Games/4.13/Engine/Plugins/Runtime/LinuxDeviceProfileSelector/LinuxDeviceProfileSelector.uplugin
LogPluginManager: Loaded Plugin LiveEditorListenServer, From C:/Program Files (x86)/Epic Games/4.13/Engine/Plugins/Runtime/LiveEditorListenServer/LiveEditorListenServer.uplugin
LogPluginManager: Loaded Plugin OculusAudio, From C:/Program Files (x86)/Epic Games/4.13/Engine/Plugins/Runtime/OculusAudio/OculusAudio.uplugin
LogPluginManager: Loaded Plugin OculusInput, From C:/Program Files (x86)/Epic Games/4.13/Engine/Plugins/Runtime/OculusInput/OculusInput.uplugin
LogPluginManager: Loaded Plugin OculusLibrary, From C:/Program Files (x86)/Epic Games/4.13/Engine/Plugins/Runtime/OculusLibrary/OculusLibrary.uplugin
LogPluginManager: Loaded Plugin OculusRift, From C:/Program Files (x86)/Epic Games/4.13/Engine/Plugins/Runtime/OculusRift/OculusRift.uplugin
LogPluginManager: Loaded Plugin Oodle, From C:/Program Files (x86)/Epic Games/4.13/Engine/Plugins/Runtime/PacketHandlers/CompressionComponents/Oodle/Oodle.uplugin
LogPluginManager: Loaded Plugin ProceduralMeshComponent, From C:/Program Files (x86)/Epic Games/4.13/Engine/Plugins/Runtime/ProceduralMeshComponent/ProceduralMeshComponent.uplugin
LogPluginManager: Loaded Plugin SoundMod, From C:/Program Files (x86)/Epic Games/4.13/Engine/Plugins/Runtime/SoundMod/SoundMod.uplugin
LogPluginManager: Loaded Plugin SoundVisualizations, From C:/Program Files (x86)/Epic Games/4.13/Engine/Plugins/Runtime/SoundVisualizations/SoundVisualizations.uplugin
LogPluginManager: Loaded Plugin SteamController, From C:/Program Files (x86)/Epic Games/4.13/Engine/Plugins/Runtime/Steam/SteamController/SteamController.uplugin
LogPluginManager: Loaded Plugin SteamVR, From C:/Program Files (x86)/Epic Games/4.13/Engine/Plugins/Runtime/Steam/SteamVR/SteamVR.uplugin
LogPluginManager: Loaded Plugin WebBrowserWidget, From C:/Program Files (x86)/Epic Games/4.13/Engine/Plugins/Runtime/WebBrowserWidget/WebBrowserWidget.uplugin
LogPluginManager: Loaded Plugin WindowsDeviceProfileSelector, From C:/Program Files (x86)/Epic Games/4.13/Engine/Plugins/Runtime/WindowsDeviceProfileSelector/WindowsDeviceProfileSelector.uplugin
LogPluginManager: Loaded Plugin WindowsMoviePlayer, From C:/Program Files (x86)/Epic Games/4.13/Engine/Plugins/Runtime/WindowsMoviePlayer/WindowsMoviePlayer.uplugin
LogPluginManager: Loaded Plugin ScriptPlugin, From C:/Program Files (x86)/Epic Games/4.13/Engine/Plugins/ScriptPlugin/ScriptPlugin.uplugin
LogPluginManager: Loaded Plugin SlateRemote, From C:/Program Files (x86)/Epic Games/4.13/Engine/Plugins/Slate/SlateRemote/SlateRemote.uplugin
LogInit: Using libcurl 7.47.1
LogInit:  - built for x86_64-pc-win32
LogInit:  - supports SSL with WinSSL
LogInit:  - other features:
LogInit:      CURL_VERSION_SSL
LogInit:      CURL_VERSION_IPV6
LogInit:      CURL_VERSION_ASYNCHDNS
LogInit:      CURL_VERSION_LARGEFILE
LogInit:      CURL_VERSION_IDN
LogInit:  CurlRequestOptions (configurable via config and command line):
LogInit:  - bVerifyPeer = false  - Libcurl will NOT verify peer certificate
LogInit:  - bUseHttpProxy = false  - Libcurl will NOT use HTTP proxy
LogInit:  - bDontReuseConnections = false  - Libcurl will reuse connections
LogInit:  - CertBundlePath = nullptr  - Libcurl will use whatever was configured at build time.
LogInit: Build: ++UE4+Release-4.13-CL-3142249
LogInit: Engine Version: 4.13.1-3142249+++UE4+Release-4.13
LogInit: Compatible Engine Version: 4.13.0-3106830+++UE4+Release-4.13
LogInit: Net CL: 3142249
LogDevObjectVersion: Number of dev versions registered: 13
LogDevObjectVersion:   Dev-Blueprints (B0D832E4-1F89-4F0D-ACCF-7EB736FD4AA2): 5
LogDevObjectVersion:   Dev-Build (E1C64328-A22C-4D53-A36C-8E866417BD8C): 0
LogDevObjectVersion:   Dev-Core (375EC13C-06E4-48FB-B500-84F0262A717E): 1
LogDevObjectVersion:   Dev-Editor (E4B068ED-F494-42E9-A231-DA0B2E46BB41): 6
LogDevObjectVersion:   Dev-Framework (CFFC743F-43B0-4480-9391-14DF171D2073): 12
LogDevObjectVersion:   Dev-Mobile (B02B49B5-BB20-44E9-A304-32B752E40360): 0
LogDevObjectVersion:   Dev-Networking (A4E4105C-59A1-49B5-A7C5-40C4547EDFEE): 0
LogDevObjectVersion:   Dev-Online (39C831C9-5AE6-47DC-9A44-9C173E1C8E7C): 0
LogDevObjectVersion:   Dev-Physics (78F01B33-EBEA-4F98-B9B4-84EACCB95AA2): 0
LogDevObjectVersion:   Dev-Platform (6631380F-2D4D-43E0-8009-CF276956A95A): 0
LogDevObjectVersion:   Dev-Rendering (12F88B9F-8875-4AFC-A67C-D90C383ABD29): 4
LogDevObjectVersion:   Dev-Sequencer (7B5AE74C-D270-4C10-A958-57980B212A5A): 0
LogDevObjectVersion:   Dev-VR (D7296918-1DD6-4BDD-9DE2-64A83CC13884): 0
LogInit: Compiled (64-bit): Sep 28 2016 02:12:12
LogInit: Compiled with Visual C++: 19.00.23026.00
LogInit: Build Configuration: Development
LogInit: Branch Name: ++UE4+Release-4.13
LogInit: Command line: -EpicPortal 
LogInit: Base directory: C:/Program Files (x86)/Epic Games/4.13/Engine/Binaries/Win64/
LogInit: Installed Engine Build: 1
LogInit: Presizing for max 8388607 objects, including 0 objects not considered by GC, pre-allocating 0 bytes for permanent pool.
LogInit: Object subsystem initialized
[2017.06.08-15.59.35:221][  0]LogInit: Selected Device Profile: [Windows]
[2017.06.08-15.59.35:221][  0]LogInit: Applying CVar settings loaded from the selected device profile: [Windows]
[2017.06.08-15.59.35:256][  0]LogInit: Computer: USER-ПК
[2017.06.08-15.59.35:256][  0]LogInit: User: user
[2017.06.08-15.59.35:256][  0]LogInit: CPU Page size=65536, Cores=4
[2017.06.08-15.59.35:256][  0]LogInit: High frequency timer resolution =3.335244 MHz
[2017.06.08-15.59.35:256][  0]LogMemory: Memory total: Physical=6.0GB (6GB approx)
[2017.06.08-15.59.35:256][  0]LogMemory: Platform Memory Stats for Windows
[2017.06.08-15.59.35:256][  0]LogMemory: Process Physical Memory: 255.48 MB used, 255.48 MB peak
[2017.06.08-15.59.35:256][  0]LogMemory: Process Virtual Memory: 260.54 MB used, 260.54 MB peak
[2017.06.08-15.59.35:256][  0]LogMemory: Physical Memory: 4071.71 MB used, 6141.55 MB total
[2017.06.08-15.59.35:256][  0]LogMemory: Virtual Memory: 591.85 MB used, 8388608.00 MB total
[2017.06.08-15.59.35:291][  0]LogTextLocalizationManager: No translations for ('ru-RU') exist, falling back to 'en' for localization and internationalization data.
[2017.06.08-15.59.36:034][  0]LogD3D11RHI: D3D11 adapters:
[2017.06.08-15.59.36:044][  0]LogD3D11RHI:    0. 'AMD Radeon HD 6670' (Feature Level 11_0)
[2017.06.08-15.59.36:044][  0]LogD3D11RHI:       1010/0/2814 MB DedicatedVideo/DedicatedSystem/SharedSystem, Outputs:1, VendorId:0x1002
[2017.06.08-15.59.36:044][  0]LogD3D11RHI: Chosen D3D11 Adapter: 0
[2017.06.08-15.59.36:049][  0]LogD3D11RHI: Creating new Direct3DDevice
[2017.06.08-15.59.36:049][  0]LogD3D11RHI:     GPU DeviceId: 0x6758 (for the marketing name, search the web for "GPU Device Id")
[2017.06.08-15.59.36:049][  0]LogWindows: EnumDisplayDevices:
[2017.06.08-15.59.36:049][  0]LogWindows:    0. 'AMD Radeon HD 6670' (P:1 D:1)
[2017.06.08-15.59.36:049][  0]LogWindows:    1. 'AMD Radeon HD 6670' (P:0 D:0)
[2017.06.08-15.59.36:050][  0]LogWindows:    2. 'RDPDD Chained DD' (P:0 D:0)
[2017.06.08-15.59.36:050][  0]LogWindows:    3. 'RDP Encoder Mirror Driver' (P:0 D:0)
[2017.06.08-15.59.36:050][  0]LogWindows:    4. 'RDP Reflector Display Driver' (P:0 D:0)
[2017.06.08-15.59.36:050][  0]LogWindows: DebugString: GetVideoDriverDetailsInvalid PrimaryIsNotTheChoosenAdapter GetVideoDriverDetailsInvalid PrimaryIsNotTheChoosenAdapter GetVideoDriverDetailsInvalid PrimaryIsNotTheChoosenAdapter FoundDriverCount:2 
[2017.06.08-15.59.36:050][  0]LogD3D11RHI:     Adapter Name: AMD Radeon HD 6670
[2017.06.08-15.59.36:050][  0]LogD3D11RHI:   Driver Version: Crimson 16.2.1 (internal:15.301.1901.0, unified:15.301.1901.0)
[2017.06.08-15.59.36:050][  0]LogD3D11RHI:      Driver Date: 2-26-2016
[2017.06.08-15.59.36:050][  0]LogRHI: Texture pool is 707 MB (70% of 1010 MB)
[2017.06.08-15.59.36:056][  0]LogD3D11RHI: Async texture creation enabled
[2017.06.08-15.59.36:068][  0]LogD3D11RHI: GPU Timing Frequency: 27.000000 (Debug: 2 1)
[2017.06.08-15.59.36:068][  0]LogShaderCompilers: Guid format shader working directory is -18 characters bigger than the processId version (../../../../../../Users/user/Documents/Unreal Projects/football/Intermediate/Shaders/WorkingDirectory/4076/).
[2017.06.08-15.59.36:068][  0]LogShaderCompilers: Cleaned the shader compiler working directory 'C:/Users/user/AppData/Local/Temp/UnrealShaderWorkingDir/0850AF6844A5D6E83CE124AC8BAEBBF9/'.
[2017.06.08-15.59.36:068][  0]LogShaderCompilers:Display: Using Local Shader Compiler.
[2017.06.08-15.59.37:538][  0]LogTemp:Display: Loaded TP AllDesktopTargetPlatform
[2017.06.08-15.59.37:548][  0]LogTemp:Display: Loaded TP WindowsClientTargetPlatform
[2017.06.08-15.59.37:559][  0]LogTemp:Display: Loaded TP WindowsNoEditorTargetPlatform
[2017.06.08-15.59.37:570][  0]LogTemp:Display: Loaded TP WindowsServerTargetPlatform
[2017.06.08-15.59.37:580][  0]LogTemp:Display: Loaded TP WindowsTargetPlatform
[2017.06.08-15.59.37:590][  0]LogTemp:Display: Loaded TP AndroidTargetPlatform
[2017.06.08-15.59.37:599][  0]LogTemp:Display: Loaded TP Android_ASTCTargetPlatform
[2017.06.08-15.59.37:609][  0]LogTemp:Display: Loaded TP Android_ATCTargetPlatform
[2017.06.08-15.59.37:618][  0]LogTemp:Display: Loaded TP Android_DXTTargetPlatform
[2017.06.08-15.59.37:627][  0]LogTemp:Display: Loaded TP Android_ETC1TargetPlatform
[2017.06.08-15.59.37:637][  0]LogTemp:Display: Loaded TP Android_ETC2TargetPlatform
[2017.06.08-15.59.37:656][  0]LogTemp:Display: Loaded TP Android_MultiTargetPlatform
[2017.06.08-15.59.37:656][  0]LogTemp:Display: Loaded TP Android_PVRTCTargetPlatform
[2017.06.08-15.59.37:657][  0]LogTemp:Display: Loaded TP HTML5TargetPlatform
[2017.06.08-15.59.37:679][  0]LogTemp:Display: Loaded TP IOSTargetPlatform
[2017.06.08-15.59.37:688][  0]LogTemp:Display: Loaded TP TVOSTargetPlatform
[2017.06.08-15.59.37:698][  0]LogTemp:Display: Loaded TP LinuxClientTargetPlatform
[2017.06.08-15.59.37:707][  0]LogTemp:Display: Loaded TP LinuxNoEditorTargetPlatform
[2017.06.08-15.59.37:716][  0]LogTemp:Display: Loaded TP LinuxServerTargetPlatform
[2017.06.08-15.59.37:726][  0]LogTemp:Display: Loaded TP LinuxTargetPlatform
[2017.06.08-15.59.37:726][  0]LogTargetPlatformManager:Display: Building Assets For Windows
[2017.06.08-15.59.37:796][  0]LogDerivedDataCache:Display: Max Cache Size: 512 MB
[2017.06.08-15.59.38:097][  0]LogDerivedDataCache: Loaded boot cache 0.13s 63MB C:/Users/user/AppData/Local/UnrealEngine/4.13/DerivedDataCache/Boot.ddc.
[2017.06.08-15.59.38:097][  0]LogDerivedDataCache:Display: Loaded Boot cache: C:/Users/user/AppData/Local/UnrealEngine/4.13/DerivedDataCache/Boot.ddc
[2017.06.08-15.59.38:097][  0]LogDerivedDataCache: FDerivedDataBackendGraph:  Pak pak cache file ../../../../../../Users/user/Documents/Unreal Projects/football/DerivedDataCache/DDC.ddp not found, will not use a pak cache.
[2017.06.08-15.59.38:097][  0]LogDerivedDataCache: Unable to find inner node Pak for hierarchical cache Hierarchy.
[2017.06.08-15.59.38:097][  0]LogDerivedDataCache: FDerivedDataBackendGraph:  CompressedPak pak cache file ../../../../../../Users/user/Documents/Unreal Projects/football/DerivedDataCache/Compressed.ddp not found, will not use a pak cache.
[2017.06.08-15.59.38:097][  0]LogDerivedDataCache: Unable to find inner node CompressedPak for hierarchical cache Hierarchy.
[2017.06.08-15.59.38:123][  0]LogDerivedDataCache:Display: Pak cache opened for reading ../../../Engine/DerivedDataCache/Compressed.ddp.
[2017.06.08-15.59.38:134][  0]LogDerivedDataCache: Using Local data cache path C:/Users/user/AppData/Local/UnrealEngine/Common/DerivedDataCache: Writable
[2017.06.08-15.59.38:409][  0]LogInit: Selected Device Profile: [Windows]
[2017.06.08-15.59.38:410][  0]LogMaterial: Uniform references updated for custom material expression Custom.
[2017.06.08-15.59.38:414][  0]LogContentStreaming: Texture pool size is 0.00 MB
[2017.06.08-15.59.38:576][  0]LogMeshUtilities: No automatic mesh reduction module available
[2017.06.08-15.59.38:576][  0]LogMeshUtilities: No automatic mesh merging module available
[2017.06.08-15.59.38:576][  0]LogMeshUtilities: No distributed automatic mesh merging module available
[2017.06.08-15.59.39:029][  0]LogNetVersion: GetLocalNetworkVersion: CL: 3106830, ProjectName: football, ProjectVersion: , EngineNetworkVersion: 1, GameNetworkVersion: 0, NetworkChecksum: 1501668485
[2017.06.08-15.59.39:068][  0]LogAssetRegistry: FAssetRegistry took 0.0203 seconds to start up
[2017.06.08-15.59.39:110][  0]LogPackageLocalizationCache: Processed 3 localized package path(s) for 1 prioritized culture(s) in 0.039146 seconds
[2017.06.08-15.59.39:120][  0]LogUObjectArray: 29778 objects as part of root set at end of initial load.
[2017.06.08-15.59.39:120][  0]LogUObjectAllocator: 6125456 out of 0 bytes used by permanent object pool.
[2017.06.08-15.59.39:120][  0]LogUObjectArray: CloseDisregardForGC: 0/0 objects in disregard for GC pool
[2017.06.08-15.59.39:125][  0]LogInit: WinSock: version 1.1 (2.2), MaxSocks=32767, MaxUdp=65467
[2017.06.08-15.59.39:383][  0]LogSlate: SlateFontCache - WITH_FREETYPE: 1, WITH_HARFBUZZ: 1
[2017.06.08-15.59.39:383][  0]LogSlate: SlateFontCache - WITH_FREETYPE: 1, WITH_HARFBUZZ: 1
[2017.06.08-15.59.40:199][  0]LogTcpMessaging: Initializing TcpMessaging bridge
[2017.06.08-15.59.40:218][  0]LogUdpMessaging: Initializing bridge on interface 0.0.0.0:0 to multicast group 230.0.0.1:6666.
[2017.06.08-15.59.40:459][  0]SourceControl: Info Source control is disabled
[2017.06.08-15.59.40:483][  0]SourceControl: Info Source control is disabled
[2017.06.08-15.59.40:490][  0]SourceControl: Info Source control is disabled
[2017.06.08-15.59.40:497][  0]SourceControl: Info Source control is disabled
[2017.06.08-15.59.40:672][  0]LogLinker:Warning: Can't find file '/Game/ThirdPersonBP/ThirdPersonOverview'
[2017.06.08-15.59.40:672][  0]LogLinker:Warning: Can't find file '/Game/ThirdPersonBP/ThirdPersonOverview'
[2017.06.08-15.59.40:673][  0]LogUObjectGlobals:Warning: Failed to find object 'Class /Game/ThirdPersonBP/ThirdPersonOverview.ThirdPersonOverview_C'
[2017.06.08-15.59.40:885][  0]LogEngine: Initializing Engine...
[2017.06.08-15.59.40:886][  0]LogHMD: Failed to initialize OpenVR with code 110
[2017.06.08-15.59.41:063][  0]LogAIModule: Creating AISystem for world Untitled
[2017.06.08-15.59.41:078][  0]LogInit: XAudio2 using 'Динамики (Realtek High Definition Audio)' : 2 channels at 48 kHz using 32 bits per sample (channel mask 0x3)
[2017.06.08-15.59.41:181][  0]LogInit: FAudioDevice initialized.
[2017.06.08-15.59.41:241][  0]LogDerivedDataCache: Saved boot cache 0.06s 63MB C:/Users/user/AppData/Local/UnrealEngine/4.13/DerivedDataCache/Boot.ddc.
[2017.06.08-15.59.41:265][  0]LogInit: Texture streaming: Enabled
[2017.06.08-15.59.41:292][  0]LogInit: Transaction tracking system initialized
[2017.06.08-15.59.41:313][  0]BlueprintLog: New page: Editor Load
[2017.06.08-15.59.41:427][  0]LocalizationService: Info Localization service is disabled
[2017.06.08-15.59.41:512][  0]LogConsoleResponse:Display: 
[2017.06.08-15.59.41:638][  0]LogCook:Display: Max memory allowance for cook 16384mb min free memory 0mb
[2017.06.08-15.59.41:638][  0]LogCook:Display: Mobile HDR setting 1
[2017.06.08-15.59.41:795][  0]LogFileCache: Scanning file cache for directory 'C:/Users/user/Documents/Unreal Projects/football/Content/' took 0.02s
[2017.06.08-15.59.41:795][  0]SourceControl: Info Source control is disabled
[2017.06.08-15.59.41:795][  0]Cmd: MAP LOAD FILE="../../../../../../Users/user/Documents/Unreal Projects/football/Content/FirstPersonBP/Maps/FirstPersonExampleMap.umap" TEMPLATE=0 SHOWPROGRESS=1 FEATURELEVEL=3
[2017.06.08-15.59.41:795][  0]LogEditorServer:Warning: Can't find file '../../../../../../Users/user/Documents/Unreal Projects/football/Content/FirstPersonBP/Maps/FirstPersonExampleMap.umap'
[2017.06.08-15.59.41:795][  0]Cmd: MAP CHECKDEP NOCLEARLOG
[2017.06.08-15.59.41:848][  0]MapCheck: Info Map check complete: 0 Error(s), 0 Warning(s), took 52.931ms to complete.
[2017.06.08-15.59.41:848][  0]LogFileHelpers: Loading map 'FirstPersonExampleMap' took 0.053
[2017.06.08-15.59.42:112][  0]LogCollectionManager: Loaded 1 collections in 0.036196 seconds
[2017.06.08-15.59.42:150][  0]LogFileCache: Scanning file cache for directory 'C:/Users/user/Documents/Unreal Projects/football/Saved/Collections/' took 0.01s
[2017.06.08-15.59.42:150][  0]LogFileCache: Scanning file cache for directory 'C:/Users/user/Documents/Unreal Projects/football/Content/Developers/user/Collections/' took 0.01s
[2017.06.08-15.59.42:150][  0]LogFileCache: Scanning file cache for directory 'C:/Users/user/Documents/Unreal Projects/football/Content/Collections/' took 0.01s
[2017.06.08-15.59.42:150][  0]LogCollectionManager: Rebuilt the GUID cache for 1 collections in 0.000005 seconds
[2017.06.08-15.59.42:150][  0]LogCollectionManager: Rebuilt the hierarchy cache for 1 collections in 0.000000 seconds
[2017.06.08-15.59.42:163][  0]LogContentBrowser: Native class hierarchy populated in 0.0130 seconds. Added 2141 classes and 415 folders.
[2017.06.08-15.59.42:167][  0]LogStats: UGameplayTagsManager::ConstructGameplayTagTree: Construct from data asset -  0.000 s
[2017.06.08-15.59.42:167][  0]LogStats: UGameplayTagsManager::ConstructGameplayTagTree: GameplayTagTreeChangedEvent.Broadcast -  0.000 s
[2017.06.08-15.59.42:168][  0]LogContentBrowser: Native class hierarchy updated for 'GameplayTags' in 0.0007 seconds. Added 12 classes and 0 folders.
[2017.06.08-15.59.42:172][  0]LogContentBrowser: Native class hierarchy updated for 'WidgetCarousel' in 0.0005 seconds. Added 0 classes and 0 folders.
[2017.06.08-15.59.44:499][  0]LogContentBrowser: Native class hierarchy updated for 'AddContentDialog' in 0.0006 seconds. Added 0 classes and 0 folders.
[2017.06.08-15.59.44:597][  0]LogContentBrowser: Native class hierarchy updated for 'SceneOutliner' in 0.0006 seconds. Added 1 classes and 2 folders.
[2017.06.08-15.59.44:707][  0]LogCrashTracker: Crashtracker disabled due to settings.
[2017.06.08-15.59.44:712][  0]LogUObjectGlobals:Warning: Failed to find object 'Class None.'
[2017.06.08-15.59.44:739][  0]LogContentBrowser: Native class hierarchy updated for 'HierarchicalLODOutliner' in 0.0006 seconds. Added 1 classes and 2 folders.
[2017.06.08-15.59.44:739][  0]LogLoad: (Engine Initialization) Total time: 10.93 seconds
[2017.06.08-15.59.44:739][  0]LogLoad: (Engine Initialization) Total Blueprint compile time: 0.02 seconds
[2017.06.08-15.59.44:739][  0]LogExternalProfiler: Found external profiler: VSPerf
[2017.06.08-15.59.44:739][  0]LogExternalProfiler: Using external profiler: VSPerf
[2017.06.08-15.59.44:752][  0]LogOcInput: OculusInput pre-init called
[2017.06.08-15.59.44:773][  0]LogContentStreaming: Texture pool size now 1000 MB
[2017.06.08-15.59.45:248][  0]LogRenderer: Reallocating scene render targets to support 812x588 (Frame:2).
[2017.06.08-15.59.45:864][  2]LogAssetRegistry: Asset discovery search completed in 6.8164 seconds
[2017.06.08-15.59.45:864][  2]LogCollectionManager: Rebuilt the object cache for 1 collections in 0.000005 seconds (found 0 objects)
[2017.06.08-15.59.45:864][  2]LogCollectionManager: Fixed up redirectors for 1 collections in 0.000028 seconds (updated 0 objects)
[2017.06.08-15.59.55:428][680]LogAIModule: Creating AISystem for world menumap
[2017.06.08-15.59.55:450][680]Cmd: MAP LOAD FILE="../../../../../../Users/user/Documents/Unreal Projects/football/Content/menu1/menumap.umap" TEMPLATE=0 SHOWPROGRESS=1 FEATURELEVEL=3
[2017.06.08-15.59.55:451][680]LightingResults: New page: Lighting Build
[2017.06.08-15.59.55:453][680]LogContentBrowser: Native class hierarchy updated for 'StatsViewer' in 0.0006 seconds. Added 5 classes and 0 folders.
[2017.06.08-15.59.55:454][680]LoadErrors: New page: Loading map: menumap.umap
[2017.06.08-15.59.55:455][680]MapCheck: New page: Map Check
[2017.06.08-15.59.55:455][680]LightingResults: New page: Lighting Build
[2017.06.08-15.59.55:472][680]LogEditorServer: Finished looking for orphan Actors (0.000 secs)
[2017.06.08-15.59.55:516][680]Cmd: MAP CHECKDEP NOCLEARLOG
[2017.06.08-15.59.55:567][680]MapCheck: Info Map check complete: 0 Error(s), 0 Warning(s), took 50.965ms to complete.
[2017.06.08-15.59.55:567][680]LogFileHelpers: Loading map 'menumap' took 0.118
[2017.06.08-15.59.56:909][756]LogBlueprintUserMessages: Early PlayInEditor Detection: Level '/Game/menu1/menumap.menumap:PersistentLevel' has LevelScriptBlueprint '/Game/menu1/menumap.menumap:PersistentLevel.menumap' with GeneratedClass '/Game/menu1/menumap.menumap_C' with ClassGeneratedBy '/Game/menu1/menumap.menumap:PersistentLevel.menumap'
[2017.06.08-15.59.56:909][756]LogPlayLevel: PlayLevel: No blueprints needed recompiling
[2017.06.08-15.59.56:910][756]PIE: New page: PIE session: menumap (Jun 9, 2017, 7:59:56 AM)
[2017.06.08-15.59.56:910][756]LogPlayLevel: Creating play world package: /Game/menu1/UEDPIE_0_menumap
[2017.06.08-15.59.56:911][756]LogPlayLevel: PIE: StaticDuplicateObject took: (0.001190s)
[2017.06.08-15.59.56:912][756]LogAIModule: Creating AISystem for world menumap
[2017.06.08-15.59.56:912][756]LogPlayLevel: PIE: World Init took: (0.001229s)
[2017.06.08-15.59.56:912][756]LogPlayLevel: PIE: Created PIE world by copying editor world from /Game/menu1/menumap.menumap to /Game/menu1/UEDPIE_0_menumap.menumap (0.002656s)
[2017.06.08-15.59.56:930][756]LogInit: XAudio2 using 'Динамики (Realtek High Definition Audio)' : 2 channels at 48 kHz using 32 bits per sample (channel mask 0x3)
[2017.06.08-15.59.57:011][756]LogInit: FAudioDevice initialized.
[2017.06.08-15.59.58:911][756]LogWorld: Game class is 'FirstPersonGameMode_C'
[2017.06.08-15.59.58:914][756]LogWorld: Bringing World /Game/menu1/UEDPIE_0_menumap.menumap up for play (max tick rate 0) at 2017.06.08-23.59.58
[2017.06.08-15.59.58:914][756]LogWorld: Bringing up level for play took: 0.001247
[2017.06.08-15.59.58:920][756]LogContentBrowser: Native class hierarchy updated for 'MovieSceneCapture' in 0.0007 seconds. Added 11 classes and 0 folders.
[2017.06.08-15.59.58:920][756]LogGameMode:Display: Match State Changed from EnteringMap to WaitingToStart
[2017.06.08-15.59.58:920][756]LogGameState: Match State Changed from EnteringMap to WaitingToStart
[2017.06.08-15.59.58:920][756]LogGameMode:Display: Match State Changed from WaitingToStart to InProgress
[2017.06.08-15.59.58:924][756]LogGameState: Match State Changed from WaitingToStart to InProgress
[2017.06.08-15.59.58:924][756]PIE: Info Play in editor start time for /Game/menu1/UEDPIE_0_menumap 2.236
[2017.06.08-15.59.58:924][756]LogBlueprintUserMessages: Late PlayInEditor Detection: Level '/Game/menu1/menumap.menumap:PersistentLevel' has LevelScriptBlueprint '/Game/menu1/menumap.menumap:PersistentLevel.menumap' with GeneratedClass '/Game/menu1/menumap.menumap_C' with ClassGeneratedBy '/Game/menu1/menumap.menumap:PersistentLevel.menumap'
[2017.06.08-16.00.11:767][751]LogGameMode:Display: Match State Changed from InProgress to LeavingMap
[2017.06.08-16.00.11:767][751]LogGameState: Match State Changed from InProgress to LeavingMap
[2017.06.08-16.00.11:767][751]LogNet: Browse: /Game/FirstPersonBP/Maps/football1
[2017.06.08-16.00.11:768][751]LogLoad: LoadMap: /Game/FirstPersonBP/Maps/football1
[2017.06.08-16.00.11:801][751]Cmd: MEM
[2017.06.08-16.00.11:812][751]LogMemory: Platform Memory Stats for Windows
[2017.06.08-16.00.11:812][751]LogMemory: Process Physical Memory: 890.96 MB used, 893.41 MB peak
[2017.06.08-16.00.11:812][751]LogMemory: Process Virtual Memory: 810.21 MB used, 814.22 MB peak
[2017.06.08-16.00.11:812][751]LogMemory: Physical Memory: 4050.44 MB used, 6141.55 MB total
[2017.06.08-16.00.11:812][751]LogMemory: Virtual Memory: 1509.73 MB used, 8388608.00 MB total
[2017.06.08-16.00.11:812][751]LogMemory: 
[2017.06.08-16.00.11:812][751]Allocator Stats for TBB: (not implemented)
[2017.06.08-16.00.23:207][751]LogAIModule: Creating AISystem for world football1
[2017.06.08-16.00.23:207][751]LogWorld: Game class is 'FirstPersonGameMode_C'
[2017.06.08-16.00.23:231][751]LogWorld: Bringing World /Game/FirstPersonBP/Maps/UEDPIE_0_football1.football1 up for play (max tick rate 0) at 2017.06.09-00.00.23
[2017.06.08-16.00.23:232][751]LogWorld: Bringing up level for play took: 0.023239
[2017.06.08-16.00.23:233][751]LogGameMode:Display: Match State Changed from EnteringMap to WaitingToStart
[2017.06.08-16.00.23:233][751]LogGameState: Match State Changed from EnteringMap to WaitingToStart
[2017.06.08-16.00.23:233][751]LogGameMode:Display: Match State Changed from WaitingToStart to InProgress
[2017.06.08-16.00.23:233][751]LogGameState: Match State Changed from WaitingToStart to InProgress
[2017.06.08-16.00.23:233][751]LogLoad: Took 11.465252 seconds to LoadMap(/Game/FirstPersonBP/Maps/football1)
[2017.06.08-16.01.37:898][698]LogSpawn:Warning: SpawnActor failed because of collision at the spawn location [X=-5510.704 Y=5741.306 Z=181.547] for [FirstPersonProjectile_C]
[2017.06.08-16.01.39:782][775]LogBlueprintUserMessages: Early EndPlayMap Detection: Level '/Game/menu1/menumap.menumap:PersistentLevel' has LevelScriptBlueprint '/Game/menu1/menumap.menumap:PersistentLevel.menumap' with GeneratedClass '/Game/menu1/menumap.menumap_C' with ClassGeneratedBy '/Game/menu1/menumap.menumap:PersistentLevel.menumap'
[2017.06.08-16.01.39:848][775]LogBlueprintUserMessages: Late EndPlayMap Detection: Level '/Game/menu1/menumap.menumap:PersistentLevel' has LevelScriptBlueprint '/Game/menu1/menumap.menumap:PersistentLevel.menumap' with GeneratedClass '/Game/menu1/menumap.menumap_C' with ClassGeneratedBy '/Game/menu1/menumap.menumap:PersistentLevel.menumap'
[2017.06.08-16.01.41:978][917]LogBlueprintUserMessages: Early PlayInEditor Detection: Level '/Game/menu1/menumap.menumap:PersistentLevel' has LevelScriptBlueprint '/Game/menu1/menumap.menumap:PersistentLevel.menumap' with GeneratedClass '/Game/menu1/menumap.menumap_C' with ClassGeneratedBy '/Game/menu1/menumap.menumap:PersistentLevel.menumap'
[2017.06.08-16.01.41:978][917]LogPlayLevel: PlayLevel: No blueprints needed recompiling
[2017.06.08-16.01.41:978][917]PIE: New page: PIE session: menumap (Jun 9, 2017, 8:01:41 AM)
[2017.06.08-16.01.41:979][917]LogPlayLevel: Creating play world package: /Game/menu1/UEDPIE_0_menumap
[2017.06.08-16.01.41:980][917]LogPlayLevel: PIE: StaticDuplicateObject took: (0.001083s)
[2017.06.08-16.01.41:981][917]LogAIModule: Creating AISystem for world menumap
[2017.06.08-16.01.41:981][917]LogPlayLevel: PIE: World Init took: (0.001118s)
[2017.06.08-16.01.41:981][917]LogPlayLevel: PIE: Created PIE world by copying editor world from /Game/menu1/menumap.menumap to /Game/menu1/UEDPIE_0_menumap.menumap (0.002428s)
[2017.06.08-16.01.41:997][917]LogInit: XAudio2 using 'Динамики (Realtek High Definition Audio)' : 2 channels at 48 kHz using 32 bits per sample (channel mask 0x3)
[2017.06.08-16.01.42:074][917]LogInit: FAudioDevice initialized.
[2017.06.08-16.01.42:104][917]LogWorld: Game class is 'FirstPersonGameMode_C'
[2017.06.08-16.01.42:106][917]LogWorld: Bringing World /Game/menu1/UEDPIE_0_menumap.menumap up for play (max tick rate 0) at 2017.06.09-00.01.42
[2017.06.08-16.01.42:107][917]LogWorld: Bringing up level for play took: 0.001519
[2017.06.08-16.01.42:108][917]LogGameMode:Display: Match State Changed from EnteringMap to WaitingToStart
[2017.06.08-16.01.42:108][917]LogGameState: Match State Changed from EnteringMap to WaitingToStart
[2017.06.08-16.01.42:108][917]LogGameMode:Display: Match State Changed from WaitingToStart to InProgress
[2017.06.08-16.01.42:111][917]LogGameState: Match State Changed from WaitingToStart to InProgress
[2017.06.08-16.01.42:111][917]PIE: Info Play in editor start time for /Game/menu1/UEDPIE_0_menumap -0.579
[2017.06.08-16.01.42:111][917]LogBlueprintUserMessages: Late PlayInEditor Detection: Level '/Game/menu1/menumap.menumap:PersistentLevel' has LevelScriptBlueprint '/Game/menu1/menumap.menumap:PersistentLevel.menumap' with GeneratedClass '/Game/menu1/menumap.menumap_C' with ClassGeneratedBy '/Game/menu1/menumap.menumap:PersistentLevel.menumap'
[2017.06.08-16.01.43:364][ 13]LogGameMode:Display: Match State Changed from InProgress to LeavingMap
[2017.06.08-16.01.43:364][ 13]LogGameState: Match State Changed from InProgress to LeavingMap
[2017.06.08-16.01.43:364][ 13]LogNet: Browse: /Game/FirstPersonBP/Maps/football1
[2017.06.08-16.01.43:364][ 13]LogLoad: LoadMap: /Game/FirstPersonBP/Maps/football1
[2017.06.08-16.01.43:388][ 13]Cmd: MEM
[2017.06.08-16.01.43:402][ 13]LogMemory: Platform Memory Stats for Windows
[2017.06.08-16.01.43:402][ 13]LogMemory: Process Physical Memory: 1126.35 MB used, 1165.27 MB peak
[2017.06.08-16.01.43:402][ 13]LogMemory: Process Virtual Memory: 1044.42 MB used, 1089.91 MB peak
[2017.06.08-16.01.43:402][ 13]LogMemory: Physical Memory: 4216.92 MB used, 6141.55 MB total
[2017.06.08-16.01.43:402][ 13]LogMemory: Virtual Memory: 1739.05 MB used, 8388608.00 MB total
[2017.06.08-16.01.43:402][ 13]LogMemory: 
[2017.06.08-16.01.43:402][ 13]Allocator Stats for TBB: (not implemented)
[2017.06.08-16.01.43:744][ 13]LogAIModule: Creating AISystem for world football1
[2017.06.08-16.01.43:745][ 13]LogWorld: Game class is 'FirstPersonGameMode_C'
[2017.06.08-16.01.43:766][ 13]LogWorld: Bringing World /Game/FirstPersonBP/Maps/UEDPIE_0_football1.football1 up for play (max tick rate 0) at 2017.06.09-00.01.43
[2017.06.08-16.01.43:767][ 13]LogWorld: Bringing up level for play took: 0.020231
[2017.06.08-16.01.43:768][ 13]LogGameMode:Display: Match State Changed from EnteringMap to WaitingToStart
[2017.06.08-16.01.43:768][ 13]LogGameState: Match State Changed from EnteringMap to WaitingToStart
[2017.06.08-16.01.43:768][ 13]LogGameMode:Display: Match State Changed from WaitingToStart to InProgress
[2017.06.08-16.01.43:768][ 13]LogGameState: Match State Changed from WaitingToStart to InProgress
[2017.06.08-16.01.43:768][ 13]LogLoad: Took 0.403690 seconds to LoadMap(/Game/FirstPersonBP/Maps/football1)
[2017.06.08-16.01.53:892][418]LogGameMode:Display: Match State Changed from InProgress to LeavingMap
[2017.06.08-16.01.53:892][418]LogGameState: Match State Changed from InProgress to LeavingMap
[2017.06.08-16.01.53:893][418]LogNet: Browse: /Game/FirstPersonBP/Maps/football1
[2017.06.08-16.01.53:893][418]LogLoad: LoadMap: /Game/FirstPersonBP/Maps/football1
[2017.06.08-16.01.53:937][418]Cmd: MEM
[2017.06.08-16.01.53:952][418]LogMemory: Platform Memory Stats for Windows
[2017.06.08-16.01.53:952][418]LogMemory: Process Physical Memory: 1179.83 MB used, 1189.88 MB peak
[2017.06.08-16.01.53:952][418]LogMemory: Process Virtual Memory: 1094.82 MB used, 1105.26 MB peak
[2017.06.08-16.01.53:952][418]LogMemory: Physical Memory: 4274.99 MB used, 6141.55 MB total
[2017.06.08-16.01.53:952][418]LogMemory: Virtual Memory: 1796.30 MB used, 8388608.00 MB total
[2017.06.08-16.01.53:952][418]LogMemory: 
[2017.06.08-16.01.53:952][418]Allocator Stats for TBB: (not implemented)
[2017.06.08-16.01.54:260][418]LogAIModule: Creating AISystem for world football1
[2017.06.08-16.01.54:260][418]LogWorld: Game class is 'FirstPersonGameMode_C'
[2017.06.08-16.01.54:281][418]LogWorld: Bringing World /Game/FirstPersonBP/Maps/UEDPIE_0_football1.football1 up for play (max tick rate 0) at 2017.06.09-00.01.54
[2017.06.08-16.01.54:281][418]LogWorld: Bringing up level for play took: 0.019038
[2017.06.08-16.01.54:282][418]LogGameMode:Display: Match State Changed from EnteringMap to WaitingToStart
[2017.06.08-16.01.54:282][418]LogGameState: Match State Changed from EnteringMap to WaitingToStart
[2017.06.08-16.01.54:282][418]LogGameMode:Display: Match State Changed from WaitingToStart to InProgress
[2017.06.08-16.01.54:283][418]LogGameState: Match State Changed from WaitingToStart to InProgress
[2017.06.08-16.01.54:283][418]LogLoad: Took 0.389744 seconds to LoadMap(/Game/FirstPersonBP/Maps/football1)
[2017.06.08-16.01.58:719][583]LogBlueprintUserMessages: Early EndPlayMap Detection: Level '/Game/menu1/menumap.menumap:PersistentLevel' has LevelScriptBlueprint '/Game/menu1/menumap.menumap:PersistentLevel.menumap' with GeneratedClass '/Game/menu1/menumap.menumap_C' with ClassGeneratedBy '/Game/menu1/menumap.menumap:PersistentLevel.menumap'
[2017.06.08-16.01.58:767][583]LogBlueprintUserMessages: Late EndPlayMap Detection: Level '/Game/menu1/menumap.menumap:PersistentLevel' has LevelScriptBlueprint '/Game/menu1/menumap.menumap:PersistentLevel.menumap' with GeneratedClass '/Game/menu1/menumap.menumap_C' with ClassGeneratedBy '/Game/menu1/menumap.menumap:PersistentLevel.menumap'
[2017.06.08-16.02.40:949][465]LogBlueprintUserMessages: Early PlayInEditor Detection: Level '/Game/menu1/menumap.menumap:PersistentLevel' has LevelScriptBlueprint '/Game/menu1/menumap.menumap:PersistentLevel.menumap' with GeneratedClass '/Game/menu1/menumap.menumap_C' with ClassGeneratedBy '/Game/menu1/menumap.menumap:PersistentLevel.menumap'
[2017.06.08-16.02.40:949][465]LogPlayLevel: PlayLevel: No blueprints needed recompiling
[2017.06.08-16.02.40:949][465]PIE: New page: PIE session: menumap (Jun 9, 2017, 8:02:40 AM)
[2017.06.08-16.02.40:949][465]LogPlayLevel: Creating play world package: /Game/menu1/UEDPIE_0_menumap
[2017.06.08-16.02.40:950][465]LogPlayLevel: PIE: StaticDuplicateObject took: (0.001078s)
[2017.06.08-16.02.40:951][465]LogAIModule: Creating AISystem for world menumap
[2017.06.08-16.02.40:951][465]LogPlayLevel: PIE: World Init took: (0.001139s)
[2017.06.08-16.02.40:951][465]LogPlayLevel: PIE: Created PIE world by copying editor world from /Game/menu1/menumap.menumap to /Game/menu1/UEDPIE_0_menumap.menumap (0.002433s)
[2017.06.08-16.02.40:967][465]LogInit: XAudio2 using 'Динамики (Realtek High Definition Audio)' : 2 channels at 48 kHz using 32 bits per sample (channel mask 0x3)
[2017.06.08-16.02.41:046][465]LogInit: FAudioDevice initialized.
[2017.06.08-16.02.41:074][465]LogWorld: Game class is 'FirstPersonGameMode_C'
[2017.06.08-16.02.41:076][465]LogWorld: Bringing World /Game/menu1/UEDPIE_0_menumap.menumap up for play (max tick rate 0) at 2017.06.09-00.02.41
[2017.06.08-16.02.41:077][465]LogWorld: Bringing up level for play took: 0.001645
[2017.06.08-16.02.41:078][465]LogGameMode:Display: Match State Changed from EnteringMap to WaitingToStart
[2017.06.08-16.02.41:078][465]LogGameState: Match State Changed from EnteringMap to WaitingToStart
[2017.06.08-16.02.41:078][465]LogGameMode:Display: Match State Changed from WaitingToStart to InProgress
[2017.06.08-16.02.41:081][465]LogGameState: Match State Changed from WaitingToStart to InProgress
[2017.06.08-16.02.41:081][465]PIE: Info Play in editor start time for /Game/menu1/UEDPIE_0_menumap 0.391
[2017.06.08-16.02.41:081][465]LogBlueprintUserMessages: Late PlayInEditor Detection: Level '/Game/menu1/menumap.menumap:PersistentLevel' has LevelScriptBlueprint '/Game/menu1/menumap.menumap:PersistentLevel.menumap' with GeneratedClass '/Game/menu1/menumap.menumap_C' with ClassGeneratedBy '/Game/menu1/menumap.menumap:PersistentLevel.menumap'
[2017.06.08-16.02.41:937][529]LogGameMode:Display: Match State Changed from InProgress to LeavingMap
[2017.06.08-16.02.41:937][529]LogGameState: Match State Changed from InProgress to LeavingMap
[2017.06.08-16.02.41:938][529]LogNet: Browse: /Game/FirstPersonBP/Maps/football1
[2017.06.08-16.02.41:938][529]LogLoad: LoadMap: /Game/FirstPersonBP/Maps/football1
[2017.06.08-16.02.41:962][529]Cmd: MEM
[2017.06.08-16.02.41:976][529]LogMemory: Platform Memory Stats for Windows
[2017.06.08-16.02.41:976][529]LogMemory: Process Physical Memory: 1171.23 MB used, 1196.36 MB peak
[2017.06.08-16.02.41:976][529]LogMemory: Process Virtual Memory: 1085.31 MB used, 1110.94 MB peak
[2017.06.08-16.02.41:976][529]LogMemory: Physical Memory: 4234.01 MB used, 6141.55 MB total
[2017.06.08-16.02.41:976][529]LogMemory: Virtual Memory: 1772.05 MB used, 8388608.00 MB total
[2017.06.08-16.02.41:977][529]LogMemory: 
[2017.06.08-16.02.41:977][529]Allocator Stats for TBB: (not implemented)
[2017.06.08-16.02.42:284][529]LogAIModule: Creating AISystem for world football1
[2017.06.08-16.02.42:284][529]LogWorld: Game class is 'FirstPersonGameMode_C'
[2017.06.08-16.02.42:305][529]LogWorld: Bringing World /Game/FirstPersonBP/Maps/UEDPIE_0_football1.football1 up for play (max tick rate 0) at 2017.06.09-00.02.42
[2017.06.08-16.02.42:305][529]LogWorld: Bringing up level for play took: 0.019607
[2017.06.08-16.02.42:306][529]LogGameMode:Display: Match State Changed from EnteringMap to WaitingToStart
[2017.06.08-16.02.42:306][529]LogGameState: Match State Changed from EnteringMap to WaitingToStart
[2017.06.08-16.02.42:306][529]LogGameMode:Display: Match State Changed from WaitingToStart to InProgress
[2017.06.08-16.02.42:307][529]LogGameState: Match State Changed from WaitingToStart to InProgress
[2017.06.08-16.02.42:307][529]LogLoad: Took 0.368015 seconds to LoadMap(/Game/FirstPersonBP/Maps/football1)
[2017.06.08-16.03.26:501][251]LogBlueprintUserMessages: Early EndPlayMap Detection: Level '/Game/menu1/menumap.menumap:PersistentLevel' has LevelScriptBlueprint '/Game/menu1/menumap.menumap:PersistentLevel.menumap' with GeneratedClass '/Game/menu1/menumap.menumap_C' with ClassGeneratedBy '/Game/menu1/menumap.menumap:PersistentLevel.menumap'
[2017.06.08-16.03.26:556][251]LogBlueprintUserMessages: Late EndPlayMap Detection: Level '/Game/menu1/menumap.menumap:PersistentLevel' has LevelScriptBlueprint '/Game/menu1/menumap.menumap:PersistentLevel.menumap' with GeneratedClass '/Game/menu1/menumap.menumap_C' with ClassGeneratedBy '/Game/menu1/menumap.menumap:PersistentLevel.menumap'
[2017.06.08-16.03.27:735][330]LogBlueprintUserMessages: Early PlayInEditor Detection: Level '/Game/menu1/menumap.menumap:PersistentLevel' has LevelScriptBlueprint '/Game/menu1/menumap.menumap:PersistentLevel.menumap' with GeneratedClass '/Game/menu1/menumap.menumap_C' with ClassGeneratedBy '/Game/menu1/menumap.menumap:PersistentLevel.menumap'
[2017.06.08-16.03.27:735][330]LogPlayLevel: PlayLevel: No blueprints needed recompiling
[2017.06.08-16.03.27:736][330]PIE: New page: PIE session: menumap (Jun 9, 2017, 8:03:27 AM)
[2017.06.08-16.03.27:736][330]LogPlayLevel: Creating play world package: /Game/menu1/UEDPIE_0_menumap
[2017.06.08-16.03.27:737][330]LogPlayLevel: PIE: StaticDuplicateObject took: (0.001144s)
[2017.06.08-16.03.27:738][330]LogAIModule: Creating AISystem for world menumap
[2017.06.08-16.03.27:738][330]LogPlayLevel: PIE: World Init took: (0.001248s)
[2017.06.08-16.03.27:738][330]LogPlayLevel: PIE: Created PIE world by copying editor world from /Game/menu1/menumap.menumap to /Game/menu1/UEDPIE_0_menumap.menumap (0.002644s)
[2017.06.08-16.03.27:754][330]LogInit: XAudio2 using 'Динамики (Realtek High Definition Audio)' : 2 channels at 48 kHz using 32 bits per sample (channel mask 0x3)
[2017.06.08-16.03.27:831][330]LogInit: FAudioDevice initialized.
[2017.06.08-16.03.27:863][330]LogWorld: Game class is 'FirstPersonGameMode_C'
[2017.06.08-16.03.27:865][330]LogWorld: Bringing World /Game/menu1/UEDPIE_0_menumap.menumap up for play (max tick rate 0) at 2017.06.09-00.03.27
[2017.06.08-16.03.27:866][330]LogWorld: Bringing up level for play took: 0.001564
[2017.06.08-16.03.27:867][330]LogGameMode:Display: Match State Changed from EnteringMap to WaitingToStart
[2017.06.08-16.03.27:867][330]LogGameState: Match State Changed from EnteringMap to WaitingToStart
[2017.06.08-16.03.27:867][330]LogGameMode:Display: Match State Changed from WaitingToStart to InProgress
[2017.06.08-16.03.27:870][330]LogGameState: Match State Changed from WaitingToStart to InProgress
[2017.06.08-16.03.27:870][330]PIE: Info Play in editor start time for /Game/menu1/UEDPIE_0_menumap -0.822
[2017.06.08-16.03.27:870][330]LogBlueprintUserMessages: Late PlayInEditor Detection: Level '/Game/menu1/menumap.menumap:PersistentLevel' has LevelScriptBlueprint '/Game/menu1/menumap.menumap:PersistentLevel.menumap' with GeneratedClass '/Game/menu1/menumap.menumap_C' with ClassGeneratedBy '/Game/menu1/menumap.menumap:PersistentLevel.menumap'
[2017.06.08-16.04.04:955][180]LogBlueprintUserMessages: Early EndPlayMap Detection: Level '/Game/menu1/menumap.menumap:PersistentLevel' has LevelScriptBlueprint '/Game/menu1/menumap.menumap:PersistentLevel.menumap' with GeneratedClass '/Game/menu1/menumap.menumap_C' with ClassGeneratedBy '/Game/menu1/menumap.menumap:PersistentLevel.menumap'
[2017.06.08-16.04.04:984][180]LogBlueprintUserMessages: Late EndPlayMap Detection: Level '/Game/menu1/menumap.menumap:PersistentLevel' has LevelScriptBlueprint '/Game/menu1/menumap.menumap:PersistentLevel.menumap' with GeneratedClass '/Game/menu1/menumap.menumap_C' with ClassGeneratedBy '/Game/menu1/menumap.menumap:PersistentLevel.menumap'
[2017.06.08-16.04.05:127][181]Cmd: QUIT_EDITOR
[2017.06.08-16.04.05:896][181]LogExit: Preparing to exit.
[2017.06.08-16.04.06:346][181]LogDirectoryWatcher: A directory notification for 'C:/Users/user/Documents/Unreal Projects/football/Content/' was aborted.
[2017.06.08-16.04.06:373][181]LogExit: Editor shut down
[2017.06.08-16.04.06:375][181]LogExit: Transaction tracking system shut down
[2017.06.08-16.04.06:600][181]LogObj: Freed 0b from 0 cluster array pools.
[2017.06.08-16.04.06:600][181]LogExit: Object subsystem successfully closed.
[2017.06.08-16.04.06:630][181]LogD3D11RHI: Shutdown
[2017.06.08-16.04.06:630][181]LogD3D11RHI: CleanupD3DDevice
[2017.06.08-16.04.06:721][181]LogD3D11RHI: ~FD3D11DynamicRHI
[2017.06.08-16.04.06:735][181]LogModuleManager: Shutting down and abandoning module MovieSceneCapture (234)
[2017.06.08-16.04.06:735][181]LogModuleManager: Shutting down and abandoning module StatsViewer (233)
[2017.06.08-16.04.06:735][181]LogModuleManager: Shutting down and abandoning module HierarchicalLODOutliner (232)
[2017.06.08-16.04.06:735][181]LogModuleManager: Shutting down and abandoning module CrashTracker (231)
[2017.06.08-16.04.06:735][181]LogModuleManager: Shutting down and abandoning module SceneOutliner (230)
[2017.06.08-16.04.06:735][181]LogModuleManager: Shutting down and abandoning module WidgetCarousel (229)
[2017.06.08-16.04.06:735][181]LogModuleManager: Shutting down and abandoning module AddContentDialog (228)
[2017.06.08-16.04.06:736][181]LogDirectoryWatcher: A directory notification for 'C:/Program Files (x86)/Epic Games/4.13/FeaturePacks/' was aborted.
[2017.06.08-16.04.06:737][181]LogModuleManager: Shutting down and abandoning module GameplayTags (227)
[2017.06.08-16.04.06:737][181]LogModuleManager: Shutting down and abandoning module EditorWidgets (226)
[2017.06.08-16.04.06:737][181]LogModuleManager: Shutting down and abandoning module CollectionManager (225)
[2017.06.08-16.04.06:737][181]LogDirectoryWatcher: A directory notification for 'C:/Users/user/Documents/Unreal Projects/football/Content/Collections/' was aborted.
[2017.06.08-16.04.06:737][181]LogDirectoryWatcher: A directory notification for 'C:/Users/user/Documents/Unreal Projects/football/Content/Developers/user/Collections/' was aborted.
[2017.06.08-16.04.06:737][181]LogDirectoryWatcher: A directory notification for 'C:/Users/user/Documents/Unreal Projects/football/Saved/Collections/' was aborted.
[2017.06.08-16.04.06:738][181]LogModuleManager: Shutting down and abandoning module FoliageEdit (224)
[2017.06.08-16.04.06:738][181]LogModuleManager: Shutting down and abandoning module LandscapeEditor (223)
[2017.06.08-16.04.06:738][181]LogModuleManager: Shutting down and abandoning module SceneDepthPickerMode (222)
[2017.06.08-16.04.06:738][181]LogModuleManager: Shutting down and abandoning module ActorPickerMode (221)
[2017.06.08-16.04.06:738][181]LogModuleManager: Shutting down and abandoning module GeometryMode (220)
[2017.06.08-16.04.06:738][181]LogModuleManager: Shutting down and abandoning module TextureAlignMode (219)
[2017.06.08-16.04.06:738][181]LogModuleManager: Shutting down and abandoning module BspMode (218)
[2017.06.08-16.04.06:738][181]LogModuleManager: Shutting down and abandoning module HardwareSurvey (217)
[2017.06.08-16.04.06:738][181]LogModuleManager: Shutting down and abandoning module SequenceRecorderSections (216)
[2017.06.08-16.04.06:738][181]LogModuleManager: Shutting down and abandoning module SequenceRecorder (215)
[2017.06.08-16.04.06:738][181]LogModuleManager: Shutting down and abandoning module AutomationWorker (214)
[2017.06.08-16.04.06:738][181]LogModuleManager: Shutting down and abandoning module MatineeToLevelSequence (213)
[2017.06.08-16.04.06:738][181]LogModuleManager: Shutting down and abandoning module PlacementMode (212)
[2017.06.08-16.04.06:738][181]LogModuleManager: Shutting down and abandoning module LevelSequenceEditor (211)
[2017.06.08-16.04.06:738][181]LogModuleManager: Shutting down and abandoning module WmfMediaFactory (210)
[2017.06.08-16.04.06:738][181]LogModuleManager: Shutting down and abandoning module WmfMediaEditor (209)
[2017.06.08-16.04.06:738][181]LogModuleManager: Shutting down and abandoning module AvfMediaFactory (208)
[2017.06.08-16.04.06:738][181]LogModuleManager: Shutting down and abandoning module AvfMediaEditor (207)
[2017.06.08-16.04.06:738][181]LogModuleManager: Shutting down and abandoning module Media (206)
[2017.06.08-16.04.06:738][181]LogModuleManager: Shutting down and abandoning module AndroidMediaFactory (205)
[2017.06.08-16.04.06:738][181]LogModuleManager: Shutting down and abandoning module AndroidMediaEditor (204)
[2017.06.08-16.04.06:738][181]LogModuleManager: Shutting down and abandoning module CharacterAI (203)
[2017.06.08-16.04.06:738][181]LogModuleManager: Shutting down and abandoning module SmartSnapping (202)
[2017.06.08-16.04.06:738][181]LogModuleManager: Shutting down and abandoning module SessionServices (201)
[2017.06.08-16.04.06:738][181]LogModuleManager: Shutting down and abandoning module ViewportSnapping (200)
[2017.06.08-16.04.06:738][181]LogModuleManager: Shutting down and abandoning module ViewportInteraction (199)
[2017.06.08-16.04.06:738][181]LogModuleManager: Shutting down and abandoning module LogVisualizer (198)
[2017.06.08-16.04.06:739][181]LogModuleManager: Shutting down and abandoning module GameProjectGeneration (197)
[2017.06.08-16.04.06:739][181]LogModuleManager: Shutting down and abandoning module IntroTutorials (196)
[2017.06.08-16.04.06:739][181]LogModuleManager: Shutting down and abandoning module EditorLiveStreaming (195)
[2017.06.08-16.04.06:739][181]LogModuleManager: Shutting down and abandoning module IOSPlatformEditor (194)
[2017.06.08-16.04.06:739][181]LogModuleManager: Shutting down and abandoning module HTML5PlatformEditor (193)
[2017.06.08-16.04.06:739][181]LogModuleManager: Shutting down and abandoning module AndroidDeviceDetection (192)
[2017.06.08-16.04.07:495][181]LogModuleManager: Shutting down and abandoning module AndroidPlatformEditor (191)
[2017.06.08-16.04.07:495][181]LogModuleManager: Shutting down and abandoning module IOSRuntimeSettings (190)
[2017.06.08-16.04.07:495][181]LogModuleManager: Shutting down and abandoning module AndroidRuntimeSettings (189)
[2017.06.08-16.04.07:495][181]LogModuleManager: Shutting down and abandoning module NiagaraEditor (188)
[2017.06.08-16.04.07:495][181]LogModuleManager: Shutting down and abandoning module MergeActors (187)
[2017.06.08-16.04.07:495][181]LogModuleManager: Shutting down and abandoning module SizeMap (186)
[2017.06.08-16.04.07:495][181]LogModuleManager: Shutting down and abandoning module TreeMap (185)
[2017.06.08-16.04.07:495][181]LogModuleManager: Shutting down and abandoning module ReferenceViewer (184)
[2017.06.08-16.04.07:495][181]LogModuleManager: Shutting down and abandoning module LocalizationService (183)
[2017.06.08-16.04.07:495][181]LogModuleManager: Shutting down and abandoning module LocalizationDashboard (182)
[2017.06.08-16.04.07:495][181]LogModuleManager: Shutting down and abandoning module HardwareTargeting (181)
[2017.06.08-16.04.07:495][181]LogModuleManager: Shutting down and abandoning module DeviceProfileEditor (180)
[2017.06.08-16.04.07:495][181]LogModuleManager: Shutting down and abandoning module UndoHistory (179)
[2017.06.08-16.04.07:495][181]LogModuleManager: Shutting down and abandoning module UserFeedback (178)
[2017.06.08-16.04.07:495][181]LogModuleManager: Shutting down and abandoning module XmlParser (177)
[2017.06.08-16.04.07:495][181]LogModuleManager: Shutting down and abandoning module Blutility (176)
[2017.06.08-16.04.07:495][181]LogModuleManager: Shutting down and abandoning module ProjectTargetPlatformEditor (175)
[2017.06.08-16.04.07:496][181]LogModuleManager: Shutting down and abandoning module ProjectSettingsViewer (174)
[2017.06.08-16.04.07:496][181]LogModuleManager: Shutting down and abandoning module InputBindingEditor (173)
[2017.06.08-16.04.07:496][181]LogModuleManager: Shutting down and abandoning module EditorSettingsViewer (172)
[2017.06.08-16.04.07:496][181]LogModuleManager: Shutting down and abandoning module SettingsEditor (171)
[2017.06.08-16.04.07:496][181]LogModuleManager: Shutting down and abandoning module ProjectLauncher (170)
[2017.06.08-16.04.07:496][181]LogModuleManager: Shutting down and abandoning module SessionFrontend (169)
[2017.06.08-16.04.07:496][181]LogModuleManager: Shutting down and abandoning module ProfilerClient (168)
[2017.06.08-16.04.07:496][181]LogModuleManager: Shutting down and abandoning module TargetDeviceServices (167)
[2017.06.08-16.04.07:496][181]LogModuleManager: Shutting down and abandoning module DeviceManager (166)
[2017.06.08-16.04.07:536][181]LogModuleManager: Shutting down and abandoning module AutomationController (165)
[2017.06.08-16.04.07:536][181]LogModuleManager: Shutting down and abandoning module AutomationWindow (164)
[2017.06.08-16.04.07:536][181]LogModuleManager: Shutting down and abandoning module Layers (163)
[2017.06.08-16.04.07:536][181]LogModuleManager: Shutting down and abandoning module ComponentVisualizers (162)
[2017.06.08-16.04.07:536][181]LogModuleManager: Shutting down and abandoning module DetailCustomizations (161)
[2017.06.08-16.04.07:536][181]LogModuleManager: Shutting down and abandoning module PackagesDialog (160)
[2017.06.08-16.04.07:536][181]LogModuleManager: Shutting down and abandoning module AnimGraph (159)
[2017.06.08-16.04.07:536][181]LogModuleManager: Shutting down and abandoning module Persona (158)
[2017.06.08-16.04.07:536][181]LogModuleManager: Shutting down and abandoning module Kismet (157)
[2017.06.08-16.04.07:537][181]LogModuleManager: Shutting down and abandoning module GraphEditor (156)
[2017.06.08-16.04.07:537][181]LogModuleManager: Shutting down and abandoning module ClassViewer (155)
[2017.06.08-16.04.07:537][181]LogModuleManager: Shutting down and abandoning module Toolbox (154)
[2017.06.08-16.04.07:537][181]LogModuleManager: Shutting down and abandoning module ModuleUI (153)
[2017.06.08-16.04.07:537][181]LogModuleManager: Shutting down and abandoning module MovieSceneTools (152)
[2017.06.08-16.04.07:537][181]LogModuleManager: Shutting down and abandoning module OutputLog (151)
[2017.06.08-16.04.07:537][181]LogModuleManager: Shutting down and abandoning module GammaUI (150)
[2017.06.08-16.04.07:537][181]LogModuleManager: Shutting down and abandoning module Documentation (149)
[2017.06.08-16.04.07:537][181]LogModuleManager: Shutting down and abandoning module Niagara (148)
[2017.06.08-16.04.07:537][181]LogModuleManager: Shutting down and abandoning module StreamingPauseRendering (147)
[2017.06.08-16.04.07:537][181]LogModuleManager: Shutting down and abandoning module AnalyticsET (146)
[2017.06.08-16.04.07:537][181]LogModuleManager: Shutting down and abandoning module PortalServices (145)
[2017.06.08-16.04.07:537][181]LogModuleManager: Shutting down and abandoning module PortalRpc (144)
[2017.06.08-16.04.07:537][181]LogModuleManager: Shutting down and abandoning module MessagingRpc (143)
[2017.06.08-16.04.07:537][181]LogModuleManager: Shutting down and abandoning module GameplayDebugger (142)
[2017.06.08-16.04.07:537][181]LogModuleManager: Shutting down and abandoning module AITestSuite (141)
[2017.06.08-16.04.07:537][181]LogModuleManager: Shutting down and abandoning module AIModule (140)
[2017.06.08-16.04.07:537][181]LogModuleManager: Shutting down and abandoning module ProfilerService (139)
[2017.06.08-16.04.07:622][181]LogModuleManager: Shutting down and abandoning module TaskGraph (138)
[2017.06.08-16.04.07:622][181]LogModuleManager: Shutting down and abandoning module SlateRemote (137)
[2017.06.08-16.04.07:622][181]LogModuleManager: Shutting down and abandoning module SteamVRController (136)
[2017.06.08-16.04.07:622][181]LogModuleManager: Shutting down and abandoning module SteamVR (135)
[2017.06.08-16.04.07:622][181]LogModuleManager: Shutting down and abandoning module ProceduralMeshComponentEditor (134)
[2017.06.08-16.04.07:622][181]LogModuleManager: Shutting down and abandoning module ProceduralMeshComponent (133)
[2017.06.08-16.04.07:622][181]LogModuleManager: Shutting down and abandoning module OculusLibrary (132)
[2017.06.08-16.04.07:622][181]LogModuleManager: Shutting down and abandoning module OculusInput (131)
[2017.06.08-16.04.07:622][181]LogModuleManager: Shutting down and abandoning module CustomMeshComponent (130)
[2017.06.08-16.04.07:622][181]LogModuleManager: Shutting down and abandoning module CableComponent (129)
[2017.06.08-16.04.07:622][181]LogModuleManager: Shutting down and abandoning module ArchVisCharacter (128)
[2017.06.08-16.04.07:622][181]LogModuleManager: Shutting down and abandoning module MediaPlayerEditor (126)
[2017.06.08-16.04.07:622][181]LogModuleManager: Shutting down and abandoning module HTML5Networking (125)
[2017.06.08-16.04.07:622][181]LogModuleManager: Shutting down and abandoning module GeometryCacheEd (124)
[2017.06.08-16.04.07:622][181]LogModuleManager: Shutting down and abandoning module GeometryCache (123)
[2017.06.08-16.04.07:622][181]LogModuleManager: Shutting down and abandoning module AlembicLibrary (122)
[2017.06.08-16.04.07:622][181]LogModuleManager: Shutting down and abandoning module AlembicImporter (121)
[2017.06.08-16.04.07:622][181]LogModuleManager: Shutting down and abandoning module SuperSearch (120)
[2017.06.08-16.04.07:623][181]LogModuleManager: Shutting down and abandoning module SuperSearchEditor (119)
[2017.06.08-16.04.07:623][181]LogModuleManager: Shutting down and abandoning module SpeedTreeImporter (118)
[2017.06.08-16.04.07:623][181]LogModuleManager: Shutting down and abandoning module PluginBrowser (117)
[2017.06.08-16.04.07:623][181]LogModuleManager: Shutting down and abandoning module MobileLauncherProfileWizard (116)
[2017.06.08-16.04.07:623][181]LogModuleManager: Shutting down and abandoning module EpicSurvey (115)
[2017.06.08-16.04.07:623][181]LogModuleManager: Shutting down and abandoning module DesktopPlatform (114)
[2017.06.08-16.04.07:623][181]LogModuleManager: Shutting down and abandoning module VisualStudioSourceCodeAccess (113)
[2017.06.08-16.04.07:623][181]LogModuleManager: Shutting down and abandoning module UObjectPlugin (112)
[2017.06.08-16.04.07:623][181]LogModuleManager: Shutting down and abandoning module SubversionSourceControl (111)
[2017.06.08-16.04.07:623][181]LogModuleManager: Shutting down and abandoning module PerforceSourceControl (110)
[2017.06.08-16.04.07:623][181]LogModuleManager: Shutting down and abandoning module SourceControl (109)
[2017.06.08-16.04.07:623][181]LogModuleManager: Shutting down and abandoning module GitSourceControl (108)
[2017.06.08-16.04.07:623][181]LogModuleManager: Shutting down and abandoning module LightPropagationVolumeEditor (107)
[2017.06.08-16.04.07:623][181]LogModuleManager: Shutting down and abandoning module PaperTiledImporter (106)
[2017.06.08-16.04.07:623][181]LogModuleManager: Shutting down and abandoning module PaperSpriteSheetImporter (105)
[2017.06.08-16.04.07:623][181]LogModuleManager: Shutting down and abandoning module MeshPaint (104)
[2017.06.08-16.04.07:623][181]LogModuleManager: Shutting down and abandoning module FbxAutomationBuilderModule (103)
[2017.06.08-16.04.07:623][181]LogModuleManager: Shutting down and abandoning module PixelInspectorModule (102)
[2017.06.08-16.04.07:623][181]LogModuleManager: Shutting down and abandoning module HotReload (101)
[2017.06.08-16.04.07:624][181]LogModuleManager: Shutting down and abandoning module MainFrame (100)
[2017.06.08-16.04.07:624][181]LogModuleManager: Shutting down and abandoning module LevelEditor (99)
[2017.06.08-16.04.07:625][181]LogModuleManager: Shutting down and abandoning module ContentBrowser (98)
[2017.06.08-16.04.07:626][181]LogModuleManager: Shutting down and abandoning module Paper2DEditor (97)
[2017.06.08-16.04.07:626][181]LogModuleManager: Shutting down and abandoning module UdpMessaging (96)
[2017.06.08-16.04.07:726][181]LogModuleManager: Shutting down and abandoning module TcpMessaging (95)
[2017.06.08-16.04.07:826][181]LogModuleManager: Shutting down and abandoning module LightPropagationVolumeRuntime (94)
[2017.06.08-16.04.07:826][181]LogModuleManager: Shutting down and abandoning module Paper2D (93)
[2017.06.08-16.04.07:826][181]LogModuleManager: Shutting down and abandoning module WindowsMoviePlayer (92)
[2017.06.08-16.04.07:826][181]LogModuleManager: Shutting down and abandoning module WmfMedia (91)
[2017.06.08-16.04.07:826][181]LogModuleManager: Shutting down and abandoning module MediaAssets (90)
[2017.06.08-16.04.07:826][181]LogModuleManager: Shutting down and abandoning module GameLiveStreaming (89)
[2017.06.08-16.04.07:826][181]LogModuleManager: Shutting down and abandoning module GameplayTagsEditor (88)
[2017.06.08-16.04.07:826][181]LogModuleManager: Shutting down and abandoning module VREditor (87)
[2017.06.08-16.04.07:826][181]LogModuleManager: Shutting down and abandoning module GameplayTasksEditor (86)
[2017.06.08-16.04.07:826][181]LogModuleManager: Shutting down and abandoning module PropertyEditor (85)
[2017.06.08-16.04.07:826][181]LogModuleManager: Shutting down and abandoning module BehaviorTreeEditor (84)
[2017.06.08-16.04.07:826][181]LogModuleManager: Shutting down and abandoning module FunctionalTesting (83)
[2017.06.08-16.04.07:826][181]LogModuleManager: Shutting down and abandoning module CollisionAnalyzer (82)
[2017.06.08-16.04.07:827][181]LogModuleManager: Shutting down and abandoning module Sequencer (81)
[2017.06.08-16.04.07:827][181]LogModuleManager: Shutting down and abandoning module WorkspaceMenuStructure (80)
[2017.06.08-16.04.07:827][181]LogModuleManager: Shutting down and abandoning module MessageLog (79)
[2017.06.08-16.04.07:827][181]LogModuleManager: Shutting down and abandoning module AssetTools (78)
[2017.06.08-16.04.07:827][181]LogModuleManager: Shutting down and abandoning module UMGEditor (77)
[2017.06.08-16.04.07:827][181]LogModuleManager: Shutting down and abandoning module UMG (76)
[2017.06.08-16.04.07:827][181]LogModuleManager: Shutting down and abandoning module SlateReflector (75)
[2017.06.08-16.04.07:827][181]LogModuleManager: Shutting down and abandoning module Slate (74)
[2017.06.08-16.04.07:827][181]LogModuleManager: Shutting down and abandoning module EditorStyle (73)
[2017.06.08-16.04.07:829][181]LogModuleManager: Shutting down and abandoning module SourceCodeAccess (72)
[2017.06.08-16.04.07:830][181]LogModuleManager: Shutting down and abandoning module HeadMountedDisplay (71)
[2017.06.08-16.04.07:830][181]LogModuleManager: Shutting down and abandoning module XAudio2 (70)
[2017.06.08-16.04.07:830][181]LogModuleManager: Shutting down and abandoning module Networking (68)
[2017.06.08-16.04.07:830][181]LogModuleManager: Shutting down and abandoning module Core (67)
[2017.06.08-16.04.07:830][181]LogModuleManager: Shutting down and abandoning module DirectoryWatcher (66)
[2017.06.08-16.04.07:830][181]LogDirectoryWatcher: A directory notification for '../../../Engine/Content/' was aborted.
[2017.06.08-16.04.07:830][181]LogDirectoryWatcher: A directory notification for '../../../../../../Users/user/Documents/Unreal Projects/football/Content/' was aborted.
[2017.06.08-16.04.07:830][181]LogDirectoryWatcher: A directory notification for '../../../Engine/Plugins/2D/Paper2D/Content/' was aborted.
[2017.06.08-16.04.07:831][181]LogModuleManager: Shutting down and abandoning module AssetRegistry (65)
[2017.06.08-16.04.07:980][181]LogModuleManager: Shutting down and abandoning module KismetCompiler (64)
[2017.06.08-16.04.07:980][181]LogModuleManager: Shutting down and abandoning module PhysXFormats (63)
[2017.06.08-16.04.07:980][181]LogModuleManager: Shutting down and abandoning module MeshUtilities (62)
[2017.06.08-16.04.07:980][181]LogModuleManager: Shutting down and abandoning module DerivedDataCache (61)
[2017.06.08-16.04.08:014][181]LogDerivedDataCache: Shutdown
[2017.06.08-16.04.08:014][181]LogModuleManager: Shutting down and abandoning module VulkanShaderFormat (60)
[2017.06.08-16.04.08:014][181]LogModuleManager: Shutting down and abandoning module ShaderFormatOpenGL (59)
[2017.06.08-16.04.08:014][181]LogModuleManager: Shutting down and abandoning module ShaderFormatD3D (58)
[2017.06.08-16.04.08:014][181]LogModuleManager: Shutting down and abandoning module MetalShaderFormat (57)
[2017.06.08-16.04.08:014][181]LogModuleManager: Shutting down and abandoning module TextureFormatUncompressed (56)
[2017.06.08-16.04.08:014][181]LogModuleManager: Shutting down and abandoning module TextureFormatPVR (55)
[2017.06.08-16.04.08:014][181]LogModuleManager: Shutting down and abandoning module TextureFormatDXT (54)
[2017.06.08-16.04.08:014][181]LogModuleManager: Shutting down and abandoning module TextureFormatIntelISPCTexComp (53)
[2017.06.08-16.04.08:015][181]LogModuleManager: Shutting down and abandoning module ImageWrapper (52)
[2017.06.08-16.04.08:015][181]LogModuleManager: Shutting down and abandoning module TextureFormatASTC (51)
[2017.06.08-16.04.08:015][181]LogModuleManager: Shutting down and abandoning module TextureFormatAndroid (50)
[2017.06.08-16.04.08:015][181]LogModuleManager: Shutting down and abandoning module AudioFormatOpus (49)
[2017.06.08-16.04.08:015][181]LogModuleManager: Shutting down and abandoning module AudioFormatOgg (48)
[2017.06.08-16.04.08:015][181]LogModuleManager: Shutting down and abandoning module AudioFormatADPCM (47)
[2017.06.08-16.04.08:015][181]LogModuleManager: Shutting down and abandoning module LinuxTargetPlatform (46)
[2017.06.08-16.04.08:015][181]LogModuleManager: Shutting down and abandoning module LinuxServerTargetPlatform (45)
[2017.06.08-16.04.08:015][181]LogModuleManager: Shutting down and abandoning module LinuxNoEditorTargetPlatform (44)
[2017.06.08-16.04.08:015][181]LogModuleManager: Shutting down and abandoning module LinuxClientTargetPlatform (43)
[2017.06.08-16.04.08:015][181]LogModuleManager: Shutting down and abandoning module TVOSTargetPlatform (42)
[2017.06.08-16.04.08:015][181]LogModuleManager: Shutting down and abandoning module Messaging (41)
[2017.06.08-16.04.08:015][181]LogModuleManager: Shutting down and abandoning module IOSTargetPlatform (40)
[2017.06.08-16.04.08:015][181]LogModuleManager: Shutting down and abandoning module HTML5TargetPlatform (39)
[2017.06.08-16.04.08:015][181]LogModuleManager: Shutting down and abandoning module Android_PVRTCTargetPlatform (38)
[2017.06.08-16.04.08:015][181]LogModuleManager: Shutting down and abandoning module Android_MultiTargetPlatform (37)
[2017.06.08-16.04.08:015][181]LogModuleManager: Shutting down and abandoning module Android_ETC2TargetPlatform (36)
[2017.06.08-16.04.08:015][181]LogModuleManager: Shutting down and abandoning module Android_ETC1TargetPlatform (35)
[2017.06.08-16.04.08:015][181]LogModuleManager: Shutting down and abandoning module Android_DXTTargetPlatform (34)
[2017.06.08-16.04.08:015][181]LogModuleManager: Shutting down and abandoning module Android_ATCTargetPlatform (33)
[2017.06.08-16.04.08:015][181]LogModuleManager: Shutting down and abandoning module Android_ASTCTargetPlatform (32)
[2017.06.08-16.04.08:015][181]LogModuleManager: Shutting down and abandoning module AndroidTargetPlatform (31)
[2017.06.08-16.04.08:015][181]LogModuleManager: Shutting down and abandoning module WindowsTargetPlatform (30)
[2017.06.08-16.04.08:015][181]LogModuleManager: Shutting down and abandoning module WindowsServerTargetPlatform (29)
[2017.06.08-16.04.08:015][181]LogModuleManager: Shutting down and abandoning module WindowsNoEditorTargetPlatform (28)
[2017.06.08-16.04.08:015][181]LogModuleManager: Shutting down and abandoning module WindowsClientTargetPlatform (27)
[2017.06.08-16.04.08:015][181]LogModuleManager: Shutting down and abandoning module AllDesktopTargetPlatform (26)
[2017.06.08-16.04.08:015][181]LogModuleManager: Shutting down and abandoning module TargetPlatform (25)
[2017.06.08-16.04.08:015][181]LogModuleManager: Shutting down and abandoning module InputCore (24)
[2017.06.08-16.04.08:015][181]LogModuleManager: Shutting down and abandoning module Settings (23)
[2017.06.08-16.04.08:015][181]LogModuleManager: Shutting down and abandoning module OculusRift (22)
[2017.06.08-16.04.08:015][181]LogModuleManager: Shutting down and abandoning module GearVR (21)
[2017.06.08-16.04.08:015][181]LogModuleManager: Shutting down and abandoning module ExampleDeviceProfileSelector (20)
[2017.06.08-16.04.08:015][181]LogModuleManager: Shutting down and abandoning module OnlineBlueprintSupport (19)
[2017.06.08-16.04.08:015][181]LogModuleManager: Shutting down and abandoning module OnlineSubsystem (17)
[2017.06.08-16.04.08:015][181]LogOnline:Display: Unloading online subsystem: NULL
[2017.06.08-16.04.08:015][181]LogModuleManager: Shutting down and abandoning module HTTP (16)
[2017.06.08-16.04.08:015][181]LogHttp:Display: Http module shutting down, but needs to wait on 1 outstanding Http requests:
[2017.06.08-16.04.08:015][181]LogHttp:Display: 	verb=[POST] url=[https://datarouter.ol.epicgames.com/datarouter/api/v1/public/data?SessionID=%7BBA9BFC22-495D-481F-2B05-C28034CE7F93%7D&AppID=UEEditor.Rocket.Release&AppVersion=4.13.1-3142249%2B%2B%2BUE4%2BRelease-4.13&UserID=b40fdee94d08cc930d4c9f8810bfe08b%7C14e3444cedb046c5b1184daa4907dc2a%7C75a9f1d3-b5f3-415b-9435-d5b504f9bc92&AppEnvironment=datacollector-binary&UploadType=eteventstream] status=Processing
[2017.06.08-16.04.08:019][181]LogModuleManager: Shutting down and abandoning module XMPP (15)
[2017.06.08-16.04.08:019][181]LogModuleManager: Shutting down and abandoning module TextureCompressor (14)
[2017.06.08-16.04.08:020][181]LogModuleManager: Shutting down and abandoning module ShaderCore (13)
[2017.06.08-16.04.08:020][181]LogModuleManager: Shutting down and abandoning module Landscape (12)
[2017.06.08-16.04.08:020][181]LogModuleManager: Shutting down and abandoning module SlateRHIRenderer (11)
[2017.06.08-16.04.08:022][181]LogModuleManager: Shutting down and abandoning module OpenGLDrv (10)
[2017.06.08-16.04.08:022][181]LogModuleManager: Shutting down and abandoning module D3D11RHI (9)
[2017.06.08-16.04.08:022][181]LogModuleManager: Shutting down and abandoning module AnimGraphRuntime (8)
[2017.06.08-16.04.08:022][181]LogModuleManager: Shutting down and abandoning module Renderer (7)
[2017.06.08-16.04.08:022][181]LogModuleManager: Shutting down and abandoning module Engine (6)
[2017.06.08-16.04.08:022][181]LogModuleManager: Shutting down and abandoning module CoreUObject (5)
[2017.06.08-16.04.08:022][181]LogModuleManager: Shutting down and abandoning module NetworkFile (4)
[2017.06.08-16.04.08:022][181]LogModuleManager: Shutting down and abandoning module StreamingFile (3)
[2017.06.08-16.04.08:022][181]LogModuleManager: Shutting down and abandoning module SandboxFile (2)
[2017.06.08-16.04.08:022][181]LogModuleManager: Shutting down and abandoning module PakFile (1)
[2017.06.08-16.04.08:024][181]LogExit: Exiting.
[2017.06.08-16.04.08:046][181]Log file closed, 06/09/17 00:04:08
