Log file open, 06/17/17 17:37:23
LogInit:Display: Running engine for game: football
LogPlatformFile: Not using cached read wrapper
LogInit:Display: RandInit(331193911) SRandInit(331193911).
LogTaskGraph: Started task graph with 5 named threads and 8 total threads with 1 sets of task threads.
LogStats: Stats thread started at 0.074595
LogPluginManager: Loaded Plugin Paper2D, From C:/Program Files (x86)/Epic Games/4.13/Engine/Plugins/2D/Paper2D/Paper2D.uplugin
LogPluginManager: Loaded Plugin LightPropagationVolume, From C:/Program Files (x86)/Epic Games/4.13/Engine/Plugins/Blendables/LightPropagationVolume/LightPropagationVolume.uplugin
LogPluginManager: Loaded Plugin BlankPlugin, From C:/Program Files (x86)/Epic Games/4.13/Engine/Plugins/Developer/BlankPlugin/BlankPlugin.uplugin
LogPluginManager: Loaded Plugin CodeLiteSourceCodeAccess, From C:/Program Files (x86)/Epic Games/4.13/Engine/Plugins/Developer/CodeLiteSourceCodeAccess/CodeLiteSourceCodeAccess.uplugin
LogPluginManager: Loaded Plugin GitSourceControl, From C:/Program Files (x86)/Epic Games/4.13/Engine/Plugins/Developer/GitSourceControl/GitSourceControl.uplugin
LogPluginManager: Loaded Plugin KDevelopSourceCodeAccess, From C:/Program Files (x86)/Epic Games/4.13/Engine/Plugins/Developer/KDevelopSourceCodeAccess/KDevelopSourceCodeAccess.uplugin
LogPluginManager: Loaded Plugin NullSourceCodeAccess, From C:/Program Files (x86)/Epic Games/4.13/Engine/Plugins/Developer/NullSourceCodeAccess/NullSourceCodeAccess.uplugin
LogPluginManager: Loaded Plugin OneSkyLocalizationService, From C:/Program Files (x86)/Epic Games/4.13/Engine/Plugins/Developer/OneSkyLocalizationService/OneSkyLocalizationService.uplugin
LogPluginManager: Loaded Plugin PerforceSourceControl, From C:/Program Files (x86)/Epic Games/4.13/Engine/Plugins/Developer/PerforceSourceControl/PerforceSourceControl.uplugin
LogPluginManager: Loaded Plugin SubversionSourceControl, From C:/Program Files (x86)/Epic Games/4.13/Engine/Plugins/Developer/SubversionSourceControl/SubversionSourceControl.uplugin
LogPluginManager: Loaded Plugin UObjectPlugin, From C:/Program Files (x86)/Epic Games/4.13/Engine/Plugins/Developer/UObjectPlugin/UObjectPlugin.uplugin
LogPluginManager: Loaded Plugin VisualStudioSourceCodeAccess, From C:/Program Files (x86)/Epic Games/4.13/Engine/Plugins/Developer/VisualStudioSourceCodeAccess/VisualStudioSourceCodeAccess.uplugin
LogPluginManager: Loaded Plugin XCodeSourceCodeAccess, From C:/Program Files (x86)/Epic Games/4.13/Engine/Plugins/Developer/XCodeSourceCodeAccess/XCodeSourceCodeAccess.uplugin
LogPluginManager: Loaded Plugin EpicSurvey, From C:/Program Files (x86)/Epic Games/4.13/Engine/Plugins/Editor/EpicSurvey/EpicSurvey.uplugin
LogPluginManager: Loaded Plugin MacGraphicsSwitching, From C:/Program Files (x86)/Epic Games/4.13/Engine/Plugins/Editor/MacGraphicsSwitching/MacGraphicsSwitching.uplugin
LogPluginManager: Loaded Plugin MobileLauncherProfileWizard, From C:/Program Files (x86)/Epic Games/4.13/Engine/Plugins/Editor/MobileLauncherProfileWizard/MobileLauncherProfileWizard.uplugin
LogPluginManager: Loaded Plugin PluginBrowser, From C:/Program Files (x86)/Epic Games/4.13/Engine/Plugins/Editor/PluginBrowser/PluginBrowser.uplugin
LogPluginManager: Loaded Plugin SpeedTreeImporter, From C:/Program Files (x86)/Epic Games/4.13/Engine/Plugins/Editor/SpeedTreeImporter/SpeedTreeImporter.uplugin
LogPluginManager: Loaded Plugin SuperSearchEditor, From C:/Program Files (x86)/Epic Games/4.13/Engine/Plugins/Editor/SuperSearchEditor/SuperSearchEditor.uplugin
LogPluginManager: Loaded Plugin AlembicImporter, From C:/Program Files (x86)/Epic Games/4.13/Engine/Plugins/Experimental/AlembicImporter/AlembicImporter.uplugin
LogPluginManager: Loaded Plugin BlueprintStats, From C:/Program Files (x86)/Epic Games/4.13/Engine/Plugins/Experimental/BlueprintStats/BlueprintStats.uplugin
LogPluginManager: Loaded Plugin CharacterAI, From C:/Program Files (x86)/Epic Games/4.13/Engine/Plugins/Experimental/CharacterAI/CharacterAI.uplugin
LogPluginManager: Loaded Plugin CodeEditor, From C:/Program Files (x86)/Epic Games/4.13/Engine/Plugins/Experimental/CodeEditor/CodeEditor.uplugin
LogPluginManager: Loaded Plugin CodeView, From C:/Program Files (x86)/Epic Games/4.13/Engine/Plugins/Experimental/CodeView/CodeView.uplugin
LogPluginManager: Loaded Plugin HTML5Networking, From C:/Program Files (x86)/Epic Games/4.13/Engine/Plugins/Experimental/HTML5Networking/HTML5Networking.uplugin
LogPluginManager: Loaded Plugin LiveEditor, From C:/Program Files (x86)/Epic Games/4.13/Engine/Plugins/Experimental/LiveEditor/LiveEditor.uplugin
LogPluginManager: Loaded Plugin OSVR, From C:/Program Files (x86)/Epic Games/4.13/Engine/Plugins/Experimental/OSVR/OSVR.uplugin
LogPluginManager: Loaded Plugin Phya, From C:/Program Files (x86)/Epic Games/4.13/Engine/Plugins/Experimental/Phya/Phya.uplugin
LogPluginManager: Loaded Plugin SignificanceManager, From C:/Program Files (x86)/Epic Games/4.13/Engine/Plugins/Experimental/SignificanceManager/SignificanceManager.uplugin
LogPluginManager: Loaded Plugin SimpleHMD, From C:/Program Files (x86)/Epic Games/4.13/Engine/Plugins/Experimental/SimpleHMD/SimpleHMD.uplugin
LogPluginManager: Loaded Plugin StereoPanorama, From C:/Program Files (x86)/Epic Games/4.13/Engine/Plugins/Experimental/StereoPanorama/StereoPanorama.uplugin
LogPluginManager: Loaded Plugin StructBox, From C:/Program Files (x86)/Epic Games/4.13/Engine/Plugins/Experimental/StructBox/StructBox.uplugin
LogPluginManager: Loaded Plugin AndroidMedia, From C:/Program Files (x86)/Epic Games/4.13/Engine/Plugins/Media/AndroidMedia/AndroidMedia.uplugin
LogPluginManager: Loaded Plugin AvfMedia, From C:/Program Files (x86)/Epic Games/4.13/Engine/Plugins/Media/AvfMedia/AvfMedia.uplugin
LogPluginManager: Loaded Plugin MediaPlayerEditor, From C:/Program Files (x86)/Epic Games/4.13/Engine/Plugins/Media/MediaPlayerEditor/MediaPlayerEditor.uplugin
LogPluginManager: Loaded Plugin WmfMedia, From C:/Program Files (x86)/Epic Games/4.13/Engine/Plugins/Media/WmfMedia/WmfMedia.uplugin
LogPluginManager: Loaded Plugin MessagingDebugger, From C:/Program Files (x86)/Epic Games/4.13/Engine/Plugins/Messaging/MessagingDebugger/MessagingDebugger.uplugin
LogPluginManager: Loaded Plugin TcpMessaging, From C:/Program Files (x86)/Epic Games/4.13/Engine/Plugins/Messaging/TcpMessaging/TcpMessaging.uplugin
LogPluginManager: Loaded Plugin UdpMessaging, From C:/Program Files (x86)/Epic Games/4.13/Engine/Plugins/Messaging/UdpMessaging/UdpMessaging.uplugin
LogPluginManager: Loaded Plugin LevelSequenceEditor, From C:/Program Files (x86)/Epic Games/4.13/Engine/Plugins/MovieScene/LevelSequenceEditor/LevelSequenceEditor.uplugin
LogPluginManager: Loaded Plugin MatineeToLevelSequence, From C:/Program Files (x86)/Epic Games/4.13/Engine/Plugins/MovieScene/MatineeToLevelSequence/MatineeToLevelSequence.uplugin
LogPluginManager: Loaded Plugin NetcodeUnitTest, From C:/Program Files (x86)/Epic Games/4.13/Engine/Plugins/NetcodeUnitTest/NetcodeUnitTest/NetcodeUnitTest.uplugin
LogPluginManager: Loaded Plugin NUTUnrealEngine4, From C:/Program Files (x86)/Epic Games/4.13/Engine/Plugins/NetcodeUnitTest/NUTUnrealEngine4/NUTUnrealEngine4.uplugin
LogPluginManager: Loaded Plugin OnlineSubsystemGooglePlay, From C:/Program Files (x86)/Epic Games/4.13/Engine/Plugins/Online/Android/OnlineSubsystemGooglePlay/OnlineSubsystemGooglePlay.uplugin
LogPluginManager: Loaded Plugin OnlineSubsystemIOS, From C:/Program Files (x86)/Epic Games/4.13/Engine/Plugins/Online/IOS/OnlineSubsystemIOS/OnlineSubsystemIOS.uplugin
LogPluginManager: Loaded Plugin OnlineFramework, From C:/Program Files (x86)/Epic Games/4.13/Engine/Plugins/Online/OnlineFramework/OnlineFramework.uplugin
LogPluginManager: Loaded Plugin OnlineSubsystem, From C:/Program Files (x86)/Epic Games/4.13/Engine/Plugins/Online/OnlineSubsystem/OnlineSubsystem.uplugin
LogPluginManager: Loaded Plugin OnlineSubsystemAmazon, From C:/Program Files (x86)/Epic Games/4.13/Engine/Plugins/Online/OnlineSubsystemAmazon/OnlineSubsystemAmazon.uplugin
LogPluginManager: Loaded Plugin OnlineSubsystemFacebook, From C:/Program Files (x86)/Epic Games/4.13/Engine/Plugins/Online/OnlineSubsystemFacebook/OnlineSubsystemFacebook.uplugin
LogPluginManager: Loaded Plugin OnlineSubsystemNull, From C:/Program Files (x86)/Epic Games/4.13/Engine/Plugins/Online/OnlineSubsystemNull/OnlineSubsystemNull.uplugin
LogPluginManager: Loaded Plugin OnlineSubsystemOculus, From C:/Program Files (x86)/Epic Games/4.13/Engine/Plugins/Online/OnlineSubsystemOculus/OnlineSubsystemOculus.uplugin
LogPluginManager: Loaded Plugin OnlineSubsystemSteam, From C:/Program Files (x86)/Epic Games/4.13/Engine/Plugins/Online/OnlineSubsystemSteam/OnlineSubsystemSteam.uplugin
LogPluginManager: Loaded Plugin OnlineSubsystemUtils, From C:/Program Files (x86)/Epic Games/4.13/Engine/Plugins/Online/OnlineSubsystemUtils/OnlineSubsystemUtils.uplugin
LogPluginManager: Loaded Plugin IOSTapJoy, From C:/Program Files (x86)/Epic Games/4.13/Engine/Plugins/Runtime/Advertising/IOSTapJoy/IOSTapJoy.uplugin
LogPluginManager: Loaded Plugin AnalyticsBlueprintLibrary, From C:/Program Files (x86)/Epic Games/4.13/Engine/Plugins/Runtime/Analytics/AnalyticsBlueprintLibrary/AnalyticsBlueprintLibrary.uplugin
LogPluginManager: Loaded Plugin AnalyticsMulticast, From C:/Program Files (x86)/Epic Games/4.13/Engine/Plugins/Runtime/Analytics/AnalyticsMulticast/AnalyticsMulticast.uplugin
LogPluginManager: Loaded Plugin Apsalar, From C:/Program Files (x86)/Epic Games/4.13/Engine/Plugins/Runtime/Analytics/Apsalar/Apsalar.uplugin
LogPluginManager: Loaded Plugin FileLogging, From C:/Program Files (x86)/Epic Games/4.13/Engine/Plugins/Runtime/Analytics/FileLogging/FileLogging.uplugin
LogPluginManager: Loaded Plugin Flurry, From C:/Program Files (x86)/Epic Games/4.13/Engine/Plugins/Runtime/Analytics/Flurry/Flurry.uplugin
LogPluginManager: Loaded Plugin AndroidDeviceProfileSelector, From C:/Program Files (x86)/Epic Games/4.13/Engine/Plugins/Runtime/AndroidDeviceProfileSelector/AndroidDeviceProfileSelector.uplugin
LogPluginManager: Loaded Plugin AndroidMoviePlayer, From C:/Program Files (x86)/Epic Games/4.13/Engine/Plugins/Runtime/AndroidMoviePlayer/AndroidMoviePlayer.uplugin
LogPluginManager: Loaded Plugin AppleMoviePlayer, From C:/Program Files (x86)/Epic Games/4.13/Engine/Plugins/Runtime/AppleMoviePlayer/AppleMoviePlayer.uplugin
LogPluginManager: Loaded Plugin ArchVisCharacter, From C:/Program Files (x86)/Epic Games/4.13/Engine/Plugins/Runtime/ArchVisCharacter/ArchVisCharacter.uplugin
LogPluginManager: Loaded Plugin CableComponent, From C:/Program Files (x86)/Epic Games/4.13/Engine/Plugins/Runtime/CableComponent/CableComponent.uplugin
LogPluginManager: Loaded Plugin CustomMeshComponent, From C:/Program Files (x86)/Epic Games/4.13/Engine/Plugins/Runtime/CustomMeshComponent/CustomMeshComponent.uplugin
LogPluginManager: Loaded Plugin ExampleDeviceProfileSelector, From C:/Program Files (x86)/Epic Games/4.13/Engine/Plugins/Runtime/ExampleDeviceProfileSelector/ExampleDeviceProfileSelector.uplugin
LogPluginManager: Loaded Plugin GearVR, From C:/Program Files (x86)/Epic Games/4.13/Engine/Plugins/Runtime/GearVR/GearVR.uplugin
LogPluginManager: Loaded Plugin GoogleVRController, From C:/Program Files (x86)/Epic Games/4.13/Engine/Plugins/Runtime/GoogleVR/GoogleVRController/GoogleVRController.uplugin
LogPluginManager: Loaded Plugin GoogleVRHMD, From C:/Program Files (x86)/Epic Games/4.13/Engine/Plugins/Runtime/GoogleVR/GoogleVRHMD/GoogleVRHMD.uplugin
LogPluginManager: Loaded Plugin IOSDeviceProfileSelector, From C:/Program Files (x86)/Epic Games/4.13/Engine/Plugins/Runtime/IOSDeviceProfileSelector/IOSDeviceProfileSelector.uplugin
LogPluginManager: Loaded Plugin LeapMotion, From C:/Program Files (x86)/Epic Games/4.13/Engine/Plugins/Runtime/LeapMotion/LeapMotion.uplugin
LogPluginManager: Loaded Plugin LinuxDeviceProfileSelector, From C:/Program Files (x86)/Epic Games/4.13/Engine/Plugins/Runtime/LinuxDeviceProfileSelector/LinuxDeviceProfileSelector.uplugin
LogPluginManager: Loaded Plugin LiveEditorListenServer, From C:/Program Files (x86)/Epic Games/4.13/Engine/Plugins/Runtime/LiveEditorListenServer/LiveEditorListenServer.uplugin
LogPluginManager: Loaded Plugin OculusAudio, From C:/Program Files (x86)/Epic Games/4.13/Engine/Plugins/Runtime/OculusAudio/OculusAudio.uplugin
LogPluginManager: Loaded Plugin OculusInput, From C:/Program Files (x86)/Epic Games/4.13/Engine/Plugins/Runtime/OculusInput/OculusInput.uplugin
LogPluginManager: Loaded Plugin OculusLibrary, From C:/Program Files (x86)/Epic Games/4.13/Engine/Plugins/Runtime/OculusLibrary/OculusLibrary.uplugin
LogPluginManager: Loaded Plugin OculusRift, From C:/Program Files (x86)/Epic Games/4.13/Engine/Plugins/Runtime/OculusRift/OculusRift.uplugin
LogPluginManager: Loaded Plugin Oodle, From C:/Program Files (x86)/Epic Games/4.13/Engine/Plugins/Runtime/PacketHandlers/CompressionComponents/Oodle/Oodle.uplugin
LogPluginManager: Loaded Plugin ProceduralMeshComponent, From C:/Program Files (x86)/Epic Games/4.13/Engine/Plugins/Runtime/ProceduralMeshComponent/ProceduralMeshComponent.uplugin
LogPluginManager: Loaded Plugin SoundMod, From C:/Program Files (x86)/Epic Games/4.13/Engine/Plugins/Runtime/SoundMod/SoundMod.uplugin
LogPluginManager: Loaded Plugin SoundVisualizations, From C:/Program Files (x86)/Epic Games/4.13/Engine/Plugins/Runtime/SoundVisualizations/SoundVisualizations.uplugin
LogPluginManager: Loaded Plugin SteamController, From C:/Program Files (x86)/Epic Games/4.13/Engine/Plugins/Runtime/Steam/SteamController/SteamController.uplugin
LogPluginManager: Loaded Plugin SteamVR, From C:/Program Files (x86)/Epic Games/4.13/Engine/Plugins/Runtime/Steam/SteamVR/SteamVR.uplugin
LogPluginManager: Loaded Plugin WebBrowserWidget, From C:/Program Files (x86)/Epic Games/4.13/Engine/Plugins/Runtime/WebBrowserWidget/WebBrowserWidget.uplugin
LogPluginManager: Loaded Plugin WindowsDeviceProfileSelector, From C:/Program Files (x86)/Epic Games/4.13/Engine/Plugins/Runtime/WindowsDeviceProfileSelector/WindowsDeviceProfileSelector.uplugin
LogPluginManager: Loaded Plugin WindowsMoviePlayer, From C:/Program Files (x86)/Epic Games/4.13/Engine/Plugins/Runtime/WindowsMoviePlayer/WindowsMoviePlayer.uplugin
LogPluginManager: Loaded Plugin ScriptPlugin, From C:/Program Files (x86)/Epic Games/4.13/Engine/Plugins/ScriptPlugin/ScriptPlugin.uplugin
LogPluginManager: Loaded Plugin SlateRemote, From C:/Program Files (x86)/Epic Games/4.13/Engine/Plugins/Slate/SlateRemote/SlateRemote.uplugin
LogInit: Using libcurl 7.47.1
LogInit:  - built for x86_64-pc-win32
LogInit:  - supports SSL with WinSSL
LogInit:  - other features:
LogInit:      CURL_VERSION_SSL
LogInit:      CURL_VERSION_IPV6
LogInit:      CURL_VERSION_ASYNCHDNS
LogInit:      CURL_VERSION_LARGEFILE
LogInit:      CURL_VERSION_IDN
LogInit:  CurlRequestOptions (configurable via config and command line):
LogInit:  - bVerifyPeer = false  - Libcurl will NOT verify peer certificate
LogInit:  - bUseHttpProxy = false  - Libcurl will NOT use HTTP proxy
LogInit:  - bDontReuseConnections = false  - Libcurl will reuse connections
LogInit:  - CertBundlePath = nullptr  - Libcurl will use whatever was configured at build time.
LogInit: Build: ++UE4+Release-4.13-CL-3142249
LogInit: Engine Version: 4.13.1-3142249+++UE4+Release-4.13
LogInit: Compatible Engine Version: 4.13.0-3106830+++UE4+Release-4.13
LogInit: Net CL: 3142249
LogDevObjectVersion: Number of dev versions registered: 13
LogDevObjectVersion:   Dev-Blueprints (B0D832E4-1F89-4F0D-ACCF-7EB736FD4AA2): 5
LogDevObjectVersion:   Dev-Build (E1C64328-A22C-4D53-A36C-8E866417BD8C): 0
LogDevObjectVersion:   Dev-Core (375EC13C-06E4-48FB-B500-84F0262A717E): 1
LogDevObjectVersion:   Dev-Editor (E4B068ED-F494-42E9-A231-DA0B2E46BB41): 6
LogDevObjectVersion:   Dev-Framework (CFFC743F-43B0-4480-9391-14DF171D2073): 12
LogDevObjectVersion:   Dev-Mobile (B02B49B5-BB20-44E9-A304-32B752E40360): 0
LogDevObjectVersion:   Dev-Networking (A4E4105C-59A1-49B5-A7C5-40C4547EDFEE): 0
LogDevObjectVersion:   Dev-Online (39C831C9-5AE6-47DC-9A44-9C173E1C8E7C): 0
LogDevObjectVersion:   Dev-Physics (78F01B33-EBEA-4F98-B9B4-84EACCB95AA2): 0
LogDevObjectVersion:   Dev-Platform (6631380F-2D4D-43E0-8009-CF276956A95A): 0
LogDevObjectVersion:   Dev-Rendering (12F88B9F-8875-4AFC-A67C-D90C383ABD29): 4
LogDevObjectVersion:   Dev-Sequencer (7B5AE74C-D270-4C10-A958-57980B212A5A): 0
LogDevObjectVersion:   Dev-VR (D7296918-1DD6-4BDD-9DE2-64A83CC13884): 0
LogInit: Compiled (64-bit): Sep 28 2016 02:12:12
LogInit: Compiled with Visual C++: 19.00.23026.00
LogInit: Build Configuration: Development
LogInit: Branch Name: ++UE4+Release-4.13
LogInit: Command line:  
LogInit: Base directory: C:/Program Files (x86)/Epic Games/4.13/Engine/Binaries/Win64/
LogInit: Installed Engine Build: 1
LogInit: Presizing for max 8388607 objects, including 0 objects not considered by GC, pre-allocating 0 bytes for permanent pool.
LogInit: Object subsystem initialized
[2017.06.17-09.37.23:633][  0]LogInit: Selected Device Profile: [Windows]
[2017.06.17-09.37.23:633][  0]LogInit: Applying CVar settings loaded from the selected device profile: [Windows]
[2017.06.17-09.37.23:652][  0]LogInit: Computer: USER-ПК
[2017.06.17-09.37.23:652][  0]LogInit: User: user
[2017.06.17-09.37.23:652][  0]LogInit: CPU Page size=65536, Cores=4
[2017.06.17-09.37.23:652][  0]LogInit: High frequency timer resolution =3.335234 MHz
[2017.06.17-09.37.23:653][  0]LogMemory: Memory total: Physical=6.0GB (6GB approx)
[2017.06.17-09.37.23:653][  0]LogMemory: Platform Memory Stats for Windows
[2017.06.17-09.37.23:653][  0]LogMemory: Process Physical Memory: 255.54 MB used, 255.54 MB peak
[2017.06.17-09.37.23:653][  0]LogMemory: Process Virtual Memory: 260.52 MB used, 260.52 MB peak
[2017.06.17-09.37.23:653][  0]LogMemory: Physical Memory: 3604.82 MB used, 6141.55 MB total
[2017.06.17-09.37.23:653][  0]LogMemory: Virtual Memory: 591.85 MB used, 8388608.00 MB total
[2017.06.17-09.37.23:689][  0]LogTextLocalizationManager: No translations for ('ru-RU') exist, falling back to 'en' for localization and internationalization data.
[2017.06.17-09.37.24:429][  0]LogD3D11RHI: D3D11 adapters:
[2017.06.17-09.37.24:438][  0]LogD3D11RHI:    0. 'AMD Radeon HD 6670' (Feature Level 11_0)
[2017.06.17-09.37.24:438][  0]LogD3D11RHI:       1010/0/2814 MB DedicatedVideo/DedicatedSystem/SharedSystem, Outputs:1, VendorId:0x1002
[2017.06.17-09.37.24:438][  0]LogD3D11RHI: Chosen D3D11 Adapter: 0
[2017.06.17-09.37.24:443][  0]LogD3D11RHI: Creating new Direct3DDevice
[2017.06.17-09.37.24:444][  0]LogD3D11RHI:     GPU DeviceId: 0x6758 (for the marketing name, search the web for "GPU Device Id")
[2017.06.17-09.37.24:444][  0]LogWindows: EnumDisplayDevices:
[2017.06.17-09.37.24:444][  0]LogWindows:    0. 'AMD Radeon HD 6670' (P:1 D:1)
[2017.06.17-09.37.24:444][  0]LogWindows:    1. 'AMD Radeon HD 6670' (P:0 D:0)
[2017.06.17-09.37.24:444][  0]LogWindows:    2. 'RDPDD Chained DD' (P:0 D:0)
[2017.06.17-09.37.24:444][  0]LogWindows:    3. 'RDP Encoder Mirror Driver' (P:0 D:0)
[2017.06.17-09.37.24:445][  0]LogWindows:    4. 'RDP Reflector Display Driver' (P:0 D:0)
[2017.06.17-09.37.24:445][  0]LogWindows: DebugString: GetVideoDriverDetailsInvalid PrimaryIsNotTheChoosenAdapter GetVideoDriverDetailsInvalid PrimaryIsNotTheChoosenAdapter GetVideoDriverDetailsInvalid PrimaryIsNotTheChoosenAdapter FoundDriverCount:2 
[2017.06.17-09.37.24:445][  0]LogD3D11RHI:     Adapter Name: AMD Radeon HD 6670
[2017.06.17-09.37.24:445][  0]LogD3D11RHI:   Driver Version: Crimson 16.2.1 (internal:15.301.1901.0, unified:15.301.1901.0)
[2017.06.17-09.37.24:445][  0]LogD3D11RHI:      Driver Date: 2-26-2016
[2017.06.17-09.37.24:445][  0]LogRHI: Texture pool is 707 MB (70% of 1010 MB)
[2017.06.17-09.37.24:452][  0]LogD3D11RHI: Async texture creation enabled
[2017.06.17-09.37.24:465][  0]LogD3D11RHI: GPU Timing Frequency: 27.000000 (Debug: 2 1)
[2017.06.17-09.37.24:465][  0]LogShaderCompilers: Guid format shader working directory is 0 characters bigger than the processId version (../../../../../../Users/user/Desktop/football/Intermediate/Shaders/WorkingDirectory/2348/).
[2017.06.17-09.37.24:465][  0]LogShaderCompilers: Cleaned the shader compiler working directory 'C:/Users/user/AppData/Local/Temp/UnrealShaderWorkingDir/E149B9EF424E987DBF350FB4ECCF96E5/'.
[2017.06.17-09.37.24:465][  0]LogShaderCompilers:Display: Using Local Shader Compiler.
[2017.06.17-09.37.26:324][  0]LogTemp:Display: Loaded TP AllDesktopTargetPlatform
[2017.06.17-09.37.26:335][  0]LogTemp:Display: Loaded TP WindowsClientTargetPlatform
[2017.06.17-09.37.26:345][  0]LogTemp:Display: Loaded TP WindowsNoEditorTargetPlatform
[2017.06.17-09.37.26:356][  0]LogTemp:Display: Loaded TP WindowsServerTargetPlatform
[2017.06.17-09.37.26:367][  0]LogTemp:Display: Loaded TP WindowsTargetPlatform
[2017.06.17-09.37.26:376][  0]LogTemp:Display: Loaded TP AndroidTargetPlatform
[2017.06.17-09.37.26:385][  0]LogTemp:Display: Loaded TP Android_ASTCTargetPlatform
[2017.06.17-09.37.26:394][  0]LogTemp:Display: Loaded TP Android_ATCTargetPlatform
[2017.06.17-09.37.26:403][  0]LogTemp:Display: Loaded TP Android_DXTTargetPlatform
[2017.06.17-09.37.26:412][  0]LogTemp:Display: Loaded TP Android_ETC1TargetPlatform
[2017.06.17-09.37.26:421][  0]LogTemp:Display: Loaded TP Android_ETC2TargetPlatform
[2017.06.17-09.37.26:441][  0]LogTemp:Display: Loaded TP Android_MultiTargetPlatform
[2017.06.17-09.37.26:441][  0]LogTemp:Display: Loaded TP Android_PVRTCTargetPlatform
[2017.06.17-09.37.26:442][  0]LogTemp:Display: Loaded TP HTML5TargetPlatform
[2017.06.17-09.37.26:464][  0]LogTemp:Display: Loaded TP IOSTargetPlatform
[2017.06.17-09.37.26:473][  0]LogTemp:Display: Loaded TP TVOSTargetPlatform
[2017.06.17-09.37.26:482][  0]LogTemp:Display: Loaded TP LinuxClientTargetPlatform
[2017.06.17-09.37.26:491][  0]LogTemp:Display: Loaded TP LinuxNoEditorTargetPlatform
[2017.06.17-09.37.26:501][  0]LogTemp:Display: Loaded TP LinuxServerTargetPlatform
[2017.06.17-09.37.26:510][  0]LogTemp:Display: Loaded TP LinuxTargetPlatform
[2017.06.17-09.37.26:510][  0]LogTargetPlatformManager:Display: Building Assets For Windows
[2017.06.17-09.37.26:580][  0]LogDerivedDataCache:Display: Max Cache Size: 512 MB
[2017.06.17-09.37.26:726][  0]LogDerivedDataCache: Loaded boot cache 0.15s 63MB C:/Users/user/AppData/Local/UnrealEngine/4.13/DerivedDataCache/Boot.ddc.
[2017.06.17-09.37.26:726][  0]LogDerivedDataCache:Display: Loaded Boot cache: C:/Users/user/AppData/Local/UnrealEngine/4.13/DerivedDataCache/Boot.ddc
[2017.06.17-09.37.26:726][  0]LogDerivedDataCache: FDerivedDataBackendGraph:  Pak pak cache file ../../../../../../Users/user/Desktop/football/DerivedDataCache/DDC.ddp not found, will not use a pak cache.
[2017.06.17-09.37.26:726][  0]LogDerivedDataCache: Unable to find inner node Pak for hierarchical cache Hierarchy.
[2017.06.17-09.37.26:726][  0]LogDerivedDataCache: FDerivedDataBackendGraph:  CompressedPak pak cache file ../../../../../../Users/user/Desktop/football/DerivedDataCache/Compressed.ddp not found, will not use a pak cache.
[2017.06.17-09.37.26:726][  0]LogDerivedDataCache: Unable to find inner node CompressedPak for hierarchical cache Hierarchy.
[2017.06.17-09.37.26:752][  0]LogDerivedDataCache:Display: Pak cache opened for reading ../../../Engine/DerivedDataCache/Compressed.ddp.
[2017.06.17-09.37.26:764][  0]LogDerivedDataCache: Using Local data cache path C:/Users/user/AppData/Local/UnrealEngine/Common/DerivedDataCache: Writable
[2017.06.17-09.37.27:049][  0]LogInit: Selected Device Profile: [Windows]
[2017.06.17-09.37.27:054][  0]LogMaterial: Uniform references updated for custom material expression Custom.
[2017.06.17-09.37.27:055][  0]LogContentStreaming: Texture pool size is 0.00 MB
[2017.06.17-09.37.27:223][  0]LogMeshUtilities: No automatic mesh reduction module available
[2017.06.17-09.37.27:223][  0]LogMeshUtilities: No automatic mesh merging module available
[2017.06.17-09.37.27:223][  0]LogMeshUtilities: No distributed automatic mesh merging module available
[2017.06.17-09.37.27:756][  0]LogNetVersion: GetLocalNetworkVersion: CL: 3106830, ProjectName: football, ProjectVersion: , EngineNetworkVersion: 1, GameNetworkVersion: 0, NetworkChecksum: 1501668485
[2017.06.17-09.37.27:795][  0]LogAssetRegistry: FAssetRegistry took 0.0199 seconds to start up
[2017.06.17-09.37.27:820][  0]LogPackageLocalizationCache: Processed 3 localized package path(s) for 1 prioritized culture(s) in 0.022197 seconds
[2017.06.17-09.37.27:828][  0]LogUObjectArray: 29778 objects as part of root set at end of initial load.
[2017.06.17-09.37.27:828][  0]LogUObjectAllocator: 6125456 out of 0 bytes used by permanent object pool.
[2017.06.17-09.37.27:828][  0]LogUObjectArray: CloseDisregardForGC: 0/0 objects in disregard for GC pool
[2017.06.17-09.37.27:835][  0]LogInit: WinSock: version 1.1 (2.2), MaxSocks=32767, MaxUdp=65467
[2017.06.17-09.37.28:103][  0]LogSlate: SlateFontCache - WITH_FREETYPE: 1, WITH_HARFBUZZ: 1
[2017.06.17-09.37.28:103][  0]LogSlate: SlateFontCache - WITH_FREETYPE: 1, WITH_HARFBUZZ: 1
[2017.06.17-09.37.28:930][  0]LogTcpMessaging: Initializing TcpMessaging bridge
[2017.06.17-09.37.28:949][  0]LogUdpMessaging: Initializing bridge on interface 0.0.0.0:0 to multicast group 230.0.0.1:6666.
[2017.06.17-09.37.29:195][  0]SourceControl: Info Source control is disabled
[2017.06.17-09.37.29:365][  0]SourceControl: Info Source control is disabled
[2017.06.17-09.37.29:373][  0]SourceControl: Info Source control is disabled
[2017.06.17-09.37.29:380][  0]SourceControl: Info Source control is disabled
[2017.06.17-09.37.29:556][  0]LogLinker:Warning: Can't find file '/Game/ThirdPersonBP/ThirdPersonOverview'
[2017.06.17-09.37.29:556][  0]LogLinker:Warning: Can't find file '/Game/ThirdPersonBP/ThirdPersonOverview'
[2017.06.17-09.37.29:556][  0]LogUObjectGlobals:Warning: Failed to find object 'Class /Game/ThirdPersonBP/ThirdPersonOverview.ThirdPersonOverview_C'
[2017.06.17-09.37.29:775][  0]LogEngine: Initializing Engine...
[2017.06.17-09.37.29:775][  0]LogHMD: Failed to initialize OpenVR with code 110
[2017.06.17-09.37.29:959][  0]LogAIModule: Creating AISystem for world Untitled
[2017.06.17-09.37.29:976][  0]LogInit: XAudio2 using 'Динамики (Realtek High Definition Audio)' : 2 channels at 48 kHz using 32 bits per sample (channel mask 0x3)
[2017.06.17-09.37.30:053][  0]LogInit: FAudioDevice initialized.
[2017.06.17-09.37.30:196][  0]LogDerivedDataCache: Saved boot cache 0.14s 63MB C:/Users/user/AppData/Local/UnrealEngine/4.13/DerivedDataCache/Boot.ddc.
[2017.06.17-09.37.30:224][  0]LogInit: Texture streaming: Enabled
[2017.06.17-09.37.30:296][  0]LogInit: Transaction tracking system initialized
[2017.06.17-09.37.30:318][  0]BlueprintLog: New page: Editor Load
[2017.06.17-09.37.30:434][  0]LocalizationService: Info Localization service is disabled
[2017.06.17-09.37.30:521][  0]LogConsoleResponse:Display: 
[2017.06.17-09.37.30:708][  0]LogCook:Display: Max memory allowance for cook 16384mb min free memory 0mb
[2017.06.17-09.37.30:708][  0]LogCook:Display: Mobile HDR setting 1
[2017.06.17-09.37.30:866][  0]LogFileCache: Scanning file cache for directory 'C:/Users/user/Desktop/football/Content/' took 0.02s
[2017.06.17-09.37.30:866][  0]SourceControl: Info Source control is disabled
[2017.06.17-09.37.30:866][  0]Cmd: MAP LOAD FILE="../../../Engine/Content/Maps/Templates/Template_Default.umap" TEMPLATE=1 SHOWPROGRESS=1 FEATURELEVEL=3
[2017.06.17-09.37.30:867][  0]LightingResults: New page: Lighting Build
[2017.06.17-09.37.30:870][  0]MapCheck: New page: Map Check
[2017.06.17-09.37.30:870][  0]LightingResults: New page: Lighting Build
[2017.06.17-09.37.31:105][  0]LogAIModule: Creating AISystem for world Untitled_1
[2017.06.17-09.37.31:111][  0]LogEditorServer: Finished looking for orphan Actors (0.000 secs)
[2017.06.17-09.37.31:134][  0]Cmd: MAP CHECKDEP NOCLEARLOG
[2017.06.17-09.37.31:189][  0]MapCheck: Info Map check complete: 0 Error(s), 0 Warning(s), took 54.036ms to complete.
[2017.06.17-09.37.31:189][  0]LogFileHelpers: Loading map 'Template_Default' took 0.322
[2017.06.17-09.37.32:558][  0]LogCollectionManager: Loaded 0 collections in 0.001821 seconds
[2017.06.17-09.37.33:126][  0]LogFileCache: Scanning file cache for directory 'C:/Users/user/Desktop/football/Saved/Collections/' took 0.01s
[2017.06.17-09.37.33:126][  0]LogFileCache: Scanning file cache for directory 'C:/Users/user/Desktop/football/Content/Developers/user/Collections/' took 0.01s
[2017.06.17-09.37.33:126][  0]LogFileCache: Scanning file cache for directory 'C:/Users/user/Desktop/football/Content/Collections/' took 0.01s
[2017.06.17-09.37.33:126][  0]LogCollectionManager: Rebuilt the GUID cache for 0 collections in 0.000002 seconds
[2017.06.17-09.37.33:196][  0]LogContentBrowser: Native class hierarchy populated in 0.0341 seconds. Added 2141 classes and 415 folders.
[2017.06.17-09.37.33:270][  0]LogStats: UGameplayTagsManager::ConstructGameplayTagTree: Construct from data asset -  0.000 s
[2017.06.17-09.37.33:271][  0]LogStats: UGameplayTagsManager::ConstructGameplayTagTree: GameplayTagTreeChangedEvent.Broadcast -  0.001 s
[2017.06.17-09.37.33:289][  0]LogContentBrowser: Native class hierarchy updated for 'GameplayTags' in 0.0008 seconds. Added 12 classes and 0 folders.
[2017.06.17-09.37.33:358][  0]LogContentBrowser: Native class hierarchy updated for 'WidgetCarousel' in 0.0006 seconds. Added 0 classes and 0 folders.
[2017.06.17-09.37.36:621][  0]LogContentBrowser: Native class hierarchy updated for 'AddContentDialog' in 0.0007 seconds. Added 0 classes and 0 folders.
[2017.06.17-09.37.36:837][  0]LogContentBrowser: Native class hierarchy updated for 'SceneOutliner' in 0.0010 seconds. Added 1 classes and 2 folders.
[2017.06.17-09.37.37:913][  0]LogCrashTracker: Crashtracker disabled due to settings.
[2017.06.17-09.37.38:125][  0]LogUObjectGlobals:Warning: Failed to find object 'Class None.'
[2017.06.17-09.37.38:220][  0]LogContentBrowser: Native class hierarchy updated for 'HierarchicalLODOutliner' in 0.0006 seconds. Added 1 classes and 2 folders.
[2017.06.17-09.37.38:221][  0]LogLoad: (Engine Initialization) Total time: 15.53 seconds
[2017.06.17-09.37.38:221][  0]LogLoad: (Engine Initialization) Total Blueprint compile time: 0.08 seconds
[2017.06.17-09.37.38:221][  0]LogExternalProfiler: Found external profiler: VSPerf
[2017.06.17-09.37.38:221][  0]LogExternalProfiler: Using external profiler: VSPerf
[2017.06.17-09.37.38:232][  0]LogOcInput: OculusInput pre-init called
[2017.06.17-09.37.38:400][  0]LogLinker:Warning: Asset '../../../../../../Users/user/Desktop/football/Content/Ball.uasset' has been saved with empty engine version. The asset will be loaded but may be incompatible.
[2017.06.17-09.37.38:401][  0]LogLinker:Warning: Asset '../../../../../../Users/user/Desktop/football/Content/мяч.uasset' has been saved with empty engine version. The asset will be loaded but may be incompatible.
[2017.06.17-09.37.38:610][  0]LogLinker:Warning: Asset '../../../../../../Users/user/Desktop/football/Content/StarterContent/Materials/M_Water_Lake.uasset' has been saved with empty engine version. The asset will be loaded but may be incompatible.
[2017.06.17-09.37.38:792][  0]LogLinker:Warning: Asset '../../../../../../Users/user/Desktop/football/Content/StarterContent/Textures/T_Perlin_Noise_M.uasset' has been saved with empty engine version. The asset will be loaded but may be incompatible.
[2017.06.17-09.37.38:944][  0]LogLinker:Warning: Asset '../../../../../../Users/user/Desktop/football/Content/StarterContent/Textures/T_Water_N.uasset' has been saved with empty engine version. The asset will be loaded but may be incompatible.
[2017.06.17-09.37.38:961][  0]LogLinker:Error: Bad name index -8355712/93
[2017.06.17-09.37.38:961][  0]LogWindows: Windows GetLastError: Операция успешно завершена. (0)
[2017.06.17-09.37.45:798][  0]LogCrashTracker: 


[2017.06.17-09.37.45:798][  0]LogCrashTracker: 


[2017.06.17-09.37.45:798][  0]LogWindows:Error: === Critical error: ===
[2017.06.17-09.37.45:798][  0]LogWindows:Error: 
[2017.06.17-09.37.45:798][  0]LogWindows:Error: Fatal error: [File:D:\Build\++UE4+Release-4.13+Compile\Sync\Engine\Source\Runtime\CoreUObject\Private\UObject\LinkerLoad.cpp] [Line: 3472] 
[2017.06.17-09.37.45:798][  0]LogWindows:Error: Material /Game/StarterContent/Materials/M_Water_Lake.M_Water_Lake: Serial size mismatch: Got 117, Expected 224277
[2017.06.17-09.37.45:798][  0]LogWindows:Error: 
[2017.06.17-09.37.45:798][  0]LogWindows:Error: 
[2017.06.17-09.37.45:798][  0]LogWindows:Error: KERNELBASE.dll
[2017.06.17-09.37.45:798][  0]LogWindows:Error: UE4Editor-Core.dll
[2017.06.17-09.37.45:798][  0]LogWindows:Error: UE4Editor-Core.dll
[2017.06.17-09.37.45:798][  0]LogWindows:Error: UE4Editor-Core.dll
[2017.06.17-09.37.45:798][  0]LogWindows:Error: UE4Editor-CoreUObject.dll
[2017.06.17-09.37.45:798][  0]LogWindows:Error: UE4Editor-CoreUObject.dll
[2017.06.17-09.37.45:798][  0]LogWindows:Error: UE4Editor-CoreUObject.dll
[2017.06.17-09.37.45:798][  0]LogWindows:Error: UE4Editor-CoreUObject.dll
[2017.06.17-09.37.45:798][  0]LogWindows:Error: UE4Editor-AssetRegistry.dll
[2017.06.17-09.37.45:798][  0]LogWindows:Error: UE4Editor-AssetRegistry.dll
[2017.06.17-09.37.45:798][  0]LogWindows:Error: UE4Editor-UnrealEd.dll
[2017.06.17-09.37.45:798][  0]LogWindows:Error: UE4Editor-UnrealEd.dll
[2017.06.17-09.37.45:798][  0]LogWindows:Error: UE4Editor.exe
[2017.06.17-09.37.45:798][  0]LogWindows:Error: UE4Editor.exe
[2017.06.17-09.37.45:798][  0]LogWindows:Error: UE4Editor.exe
[2017.06.17-09.37.45:798][  0]LogWindows:Error: UE4Editor.exe
[2017.06.17-09.37.45:798][  0]LogWindows:Error: UE4Editor.exe
[2017.06.17-09.37.45:798][  0]LogWindows:Error: kernel32.dll
[2017.06.17-09.37.45:798][  0]LogWindows:Error: ntdll.dll
[2017.06.17-09.37.45:798][  0]LogWindows:Error: ntdll.dll
[2017.06.17-09.37.45:798][  0]LogWindows:Error: 
[2017.06.17-09.37.45:869][  0]LogExit: Executing StaticShutdownAfterError
[2017.06.17-09.37.47:747][  0]LogWindows: FPlatformMisc::RequestExit(1)
[2017.06.17-09.37.47:768][  0]Log file closed, 06/17/17 17:37:47
